14:30:38 INFO  : Registering command handlers for SDK TCF services
14:30:50 INFO  : Launching XSCT server: xsct -n -interactive /home/demian/UPM/ISPR/Labs/lab6/lab6.sdk/temp_xsdb_launch_script.tcl
14:30:55 INFO  : XSCT server has started successfully.
14:30:55 INFO  : Successfully done setting XSCT server connection channel  
14:31:17 INFO  : Successfully done setting SDK workspace  
14:31:17 INFO  : Processing command line option -hwspec /home/demian/UPM/ISPR/Labs/lab6/lab6.sdk/system_wrapper.hdf.
14:36:40 ERROR : Failed to call write_mss 
Reason: ERROR: [Common 17-176] Overwrite of existing file isn't enabled.  Please specify -force to overwrite file  [/home/demian/UPM/ISPR/Labs/lab6/lab6.sdk/lab6_bsp/system.mss]

14:36:50 ERROR : Failed to call write_mss 
Reason: ERROR: [Common 17-176] Overwrite of existing file isn't enabled.  Please specify -force to overwrite file  [/home/demian/UPM/ISPR/Labs/lab6/lab6.sdk/lab6_bsp/system.mss]

14:41:24 INFO  : Connected to target on host '127.0.0.1' and port '3121'.
14:41:24 INFO  : 'targets -set -filter {jtag_cable_name =~ "Digilent Zybo 210279787350A" && level==0} -index 1' command is executed.
14:41:26 INFO  : FPGA configured successfully with bitstream "/home/demian/UPM/ISPR/Labs/lab6/lab6.sdk/system_wrapper_hw_platform_0/system_wrapper.bit"
14:45:23 INFO  : 'targets -set -filter {jtag_cable_name =~ "Digilent Zybo 210279787350A" && level==0} -index 1' command is executed.
14:45:23 INFO  : 'fpga -state' command is executed.
14:45:23 INFO  : Connected to target on host '127.0.0.1' and port '3121'.
14:45:23 INFO  : Jtag cable 'Digilent Zybo 210279787350A' is selected.
14:45:23 INFO  : 'jtag frequency' command is executed.
14:45:23 INFO  : Sourcing of '/home/demian/UPM/ISPR/Labs/lab6/lab6.sdk/system_wrapper_hw_platform_0/ps7_init.tcl' is done.
14:45:23 INFO  : Context for 'APU' is selected.
14:45:24 INFO  : Hardware design information is loaded from '/home/demian/UPM/ISPR/Labs/lab6/lab6.sdk/system_wrapper_hw_platform_0/system.hdf'.
14:45:24 INFO  : 'configparams force-mem-access 1' command is executed.
14:45:24 INFO  : Context for 'APU' is selected.
14:45:24 INFO  : 'stop' command is executed.
14:45:25 INFO  : 'ps7_init' command is executed.
14:45:25 INFO  : 'ps7_post_config' command is executed.
14:45:25 INFO  : Context for processor 'ps7_cortexa9_0' is selected.
14:45:25 INFO  : Processor reset is completed for 'ps7_cortexa9_0'.
14:45:25 INFO  : Context for processor 'ps7_cortexa9_0' is selected.
14:45:25 INFO  : 'profile -freq 100000 -scratchaddr 0x10000000' command is executed.
14:45:25 INFO  : The application '/home/demian/UPM/ISPR/Labs/lab6/lab6.sdk/lab6/Debug/lab6.elf' is downloaded to processor 'ps7_cortexa9_0'.
14:45:25 INFO  : 'configparams force-mem-access 0' command is executed.
14:45:25 INFO  : ----------------XSDB Script----------------
connect -url tcp:127.0.0.1:3121
source /home/demian/UPM/ISPR/Labs/lab6/lab6.sdk/system_wrapper_hw_platform_0/ps7_init.tcl
targets -set -nocase -filter {name =~"APU*" && jtag_cable_name =~ "Digilent Zybo 210279787350A"} -index 0
loadhw -hw /home/demian/UPM/ISPR/Labs/lab6/lab6.sdk/system_wrapper_hw_platform_0/system.hdf -mem-ranges [list {0x40000000 0xbfffffff}]
configparams force-mem-access 1
targets -set -nocase -filter {name =~"APU*" && jtag_cable_name =~ "Digilent Zybo 210279787350A"} -index 0
stop
ps7_init
ps7_post_config
targets -set -nocase -filter {name =~ "ARM*#0" && jtag_cable_name =~ "Digilent Zybo 210279787350A"} -index 0
rst -processor
targets -set -nocase -filter {name =~ "ARM*#0" && jtag_cable_name =~ "Digilent Zybo 210279787350A"} -index 0
profile -freq 100000 -scratchaddr 0x10000000
dow /home/demian/UPM/ISPR/Labs/lab6/lab6.sdk/lab6/Debug/lab6.elf
configparams force-mem-access 0
----------------End of Script----------------

14:45:25 INFO  : Memory regions updated for context APU
14:45:25 INFO  : Context for processor 'ps7_cortexa9_0' is selected.
14:45:25 INFO  : 'set bpid [bpadd -addr &_exit]' command is executed.
14:45:26 INFO  : 'con -block' command is executed.
14:45:26 INFO  : 'profile -out /home/demian/UPM/ISPR/Labs/lab6/lab6.sdk/lab6/Debug/gmon.out' command is executed.
14:45:26 INFO  : 'bpremove $bpid' command is executed.
14:45:26 INFO  : 'con' command is executed.
14:45:26 INFO  : ----------------XSDB Script (After Launch)----------------
targets -set -nocase -filter {name =~ "ARM*#0" && jtag_cable_name =~ "Digilent Zybo 210279787350A"} -index 0
set bpid [bpadd -addr &_exit]
con -block
profile -out /home/demian/UPM/ISPR/Labs/lab6/lab6.sdk/lab6/Debug/gmon.out
bpremove $bpid
con
----------------End of Script----------------

14:45:26 INFO  : Launch script is exported to file '/home/demian/UPM/ISPR/Labs/lab6/lab6.sdk/.sdk/launch_scripts/xilinx_c-c++_application_(system_debugger)/system_debugger_using_debug_lab6.elf_on_local.tcl'
14:50:35 INFO  : Disconnected from the channel tcfchan#1.
14:50:36 INFO  : 'targets -set -filter {jtag_cable_name =~ "Digilent Zybo 210279787350A" && level==0} -index 1' command is executed.
14:50:36 INFO  : 'fpga -state' command is executed.
14:50:36 INFO  : Connected to target on host '127.0.0.1' and port '3121'.
14:50:36 INFO  : Jtag cable 'Digilent Zybo 210279787350A' is selected.
14:50:36 INFO  : 'jtag frequency' command is executed.
14:50:36 INFO  : Sourcing of '/home/demian/UPM/ISPR/Labs/lab6/lab6.sdk/system_wrapper_hw_platform_0/ps7_init.tcl' is done.
14:50:36 INFO  : Context for 'APU' is selected.
14:50:38 INFO  : Hardware design information is loaded from '/home/demian/UPM/ISPR/Labs/lab6/lab6.sdk/system_wrapper_hw_platform_0/system.hdf'.
14:50:38 INFO  : 'configparams force-mem-access 1' command is executed.
14:50:38 INFO  : Context for 'APU' is selected.
14:50:38 INFO  : 'stop' command is executed.
14:50:39 INFO  : 'ps7_init' command is executed.
14:50:39 INFO  : 'ps7_post_config' command is executed.
14:50:39 INFO  : Context for processor 'ps7_cortexa9_0' is selected.
14:50:39 INFO  : Processor reset is completed for 'ps7_cortexa9_0'.
14:50:39 INFO  : Context for processor 'ps7_cortexa9_0' is selected.
14:50:39 INFO  : 'profile -freq 1000000 -scratchaddr 0x10000000' command is executed.
14:50:40 INFO  : The application '/home/demian/UPM/ISPR/Labs/lab6/lab6.sdk/lab6/Debug/lab6.elf' is downloaded to processor 'ps7_cortexa9_0'.
14:50:40 INFO  : 'configparams force-mem-access 0' command is executed.
14:50:40 INFO  : ----------------XSDB Script----------------
connect -url tcp:127.0.0.1:3121
source /home/demian/UPM/ISPR/Labs/lab6/lab6.sdk/system_wrapper_hw_platform_0/ps7_init.tcl
targets -set -nocase -filter {name =~"APU*" && jtag_cable_name =~ "Digilent Zybo 210279787350A"} -index 0
loadhw -hw /home/demian/UPM/ISPR/Labs/lab6/lab6.sdk/system_wrapper_hw_platform_0/system.hdf -mem-ranges [list {0x40000000 0xbfffffff}]
configparams force-mem-access 1
targets -set -nocase -filter {name =~"APU*" && jtag_cable_name =~ "Digilent Zybo 210279787350A"} -index 0
stop
ps7_init
ps7_post_config
targets -set -nocase -filter {name =~ "ARM*#0" && jtag_cable_name =~ "Digilent Zybo 210279787350A"} -index 0
rst -processor
targets -set -nocase -filter {name =~ "ARM*#0" && jtag_cable_name =~ "Digilent Zybo 210279787350A"} -index 0
profile -freq 1000000 -scratchaddr 0x10000000
dow /home/demian/UPM/ISPR/Labs/lab6/lab6.sdk/lab6/Debug/lab6.elf
configparams force-mem-access 0
----------------End of Script----------------

14:50:40 INFO  : Memory regions updated for context APU
14:50:40 INFO  : Context for processor 'ps7_cortexa9_0' is selected.
14:50:40 INFO  : 'set bpid [bpadd -addr &_exit]' command is executed.
14:50:40 INFO  : 'con -block' command is executed.
14:50:40 INFO  : 'profile -out /home/demian/UPM/ISPR/Labs/lab6/lab6.sdk/lab6/Debug/gmon.out' command is executed.
14:50:40 INFO  : 'bpremove $bpid' command is executed.
14:50:40 INFO  : 'con' command is executed.
14:50:40 INFO  : ----------------XSDB Script (After Launch)----------------
targets -set -nocase -filter {name =~ "ARM*#0" && jtag_cable_name =~ "Digilent Zybo 210279787350A"} -index 0
set bpid [bpadd -addr &_exit]
con -block
profile -out /home/demian/UPM/ISPR/Labs/lab6/lab6.sdk/lab6/Debug/gmon.out
bpremove $bpid
con
----------------End of Script----------------

14:50:40 INFO  : Launch script is exported to file '/home/demian/UPM/ISPR/Labs/lab6/lab6.sdk/.sdk/launch_scripts/xilinx_c-c++_application_(system_debugger)/system_debugger_using_debug_lab6.elf_on_local.tcl'
14:52:53 INFO  : Disconnected from the channel tcfchan#2.
14:52:54 INFO  : 'targets -set -filter {jtag_cable_name =~ "Digilent Zybo 210279787350A" && level==0} -index 1' command is executed.
14:52:54 INFO  : 'fpga -state' command is executed.
14:52:54 INFO  : Connected to target on host '127.0.0.1' and port '3121'.
14:52:54 INFO  : Jtag cable 'Digilent Zybo 210279787350A' is selected.
14:52:54 INFO  : 'jtag frequency' command is executed.
14:52:54 INFO  : Sourcing of '/home/demian/UPM/ISPR/Labs/lab6/lab6.sdk/system_wrapper_hw_platform_0/ps7_init.tcl' is done.
14:52:54 INFO  : Context for 'APU' is selected.
14:52:56 INFO  : Hardware design information is loaded from '/home/demian/UPM/ISPR/Labs/lab6/lab6.sdk/system_wrapper_hw_platform_0/system.hdf'.
14:52:56 INFO  : 'configparams force-mem-access 1' command is executed.
14:52:56 INFO  : Context for 'APU' is selected.
14:52:56 INFO  : 'stop' command is executed.
14:52:57 INFO  : 'ps7_init' command is executed.
14:52:57 INFO  : 'ps7_post_config' command is executed.
14:52:57 INFO  : Context for processor 'ps7_cortexa9_0' is selected.
14:52:57 INFO  : Processor reset is completed for 'ps7_cortexa9_0'.
14:52:57 INFO  : Context for processor 'ps7_cortexa9_0' is selected.
14:52:57 INFO  : 'profile -freq 1000000 -scratchaddr 0x10000000' command is executed.
14:52:58 INFO  : The application '/home/demian/UPM/ISPR/Labs/lab6/lab6.sdk/lab6/Debug/lab6.elf' is downloaded to processor 'ps7_cortexa9_0'.
14:52:58 INFO  : 'configparams force-mem-access 0' command is executed.
14:52:58 INFO  : ----------------XSDB Script----------------
connect -url tcp:127.0.0.1:3121
source /home/demian/UPM/ISPR/Labs/lab6/lab6.sdk/system_wrapper_hw_platform_0/ps7_init.tcl
targets -set -nocase -filter {name =~"APU*" && jtag_cable_name =~ "Digilent Zybo 210279787350A"} -index 0
loadhw -hw /home/demian/UPM/ISPR/Labs/lab6/lab6.sdk/system_wrapper_hw_platform_0/system.hdf -mem-ranges [list {0x40000000 0xbfffffff}]
configparams force-mem-access 1
targets -set -nocase -filter {name =~"APU*" && jtag_cable_name =~ "Digilent Zybo 210279787350A"} -index 0
stop
ps7_init
ps7_post_config
targets -set -nocase -filter {name =~ "ARM*#0" && jtag_cable_name =~ "Digilent Zybo 210279787350A"} -index 0
rst -processor
targets -set -nocase -filter {name =~ "ARM*#0" && jtag_cable_name =~ "Digilent Zybo 210279787350A"} -index 0
profile -freq 1000000 -scratchaddr 0x10000000
dow /home/demian/UPM/ISPR/Labs/lab6/lab6.sdk/lab6/Debug/lab6.elf
configparams force-mem-access 0
----------------End of Script----------------

14:52:58 INFO  : Memory regions updated for context APU
14:52:58 INFO  : Context for processor 'ps7_cortexa9_0' is selected.
14:52:58 INFO  : 'set bpid [bpadd -addr &_exit]' command is executed.
14:52:59 INFO  : 'con -block' command is executed.
14:52:59 ERROR : Invalid Profiling Data on Target
14:52:59 INFO  : Disconnected from the channel tcfchan#3.
14:53:52 INFO  : 'targets -set -filter {jtag_cable_name =~ "Digilent Zybo 210279787350A" && level==0} -index 1' command is executed.
14:53:52 INFO  : 'fpga -state' command is executed.
14:53:52 INFO  : Connected to target on host '127.0.0.1' and port '3121'.
14:53:52 INFO  : Jtag cable 'Digilent Zybo 210279787350A' is selected.
14:53:52 INFO  : 'jtag frequency' command is executed.
14:53:52 INFO  : Sourcing of '/home/demian/UPM/ISPR/Labs/lab6/lab6.sdk/system_wrapper_hw_platform_0/ps7_init.tcl' is done.
14:53:52 INFO  : Context for 'APU' is selected.
14:53:54 INFO  : Hardware design information is loaded from '/home/demian/UPM/ISPR/Labs/lab6/lab6.sdk/system_wrapper_hw_platform_0/system.hdf'.
14:53:54 INFO  : 'configparams force-mem-access 1' command is executed.
14:53:54 INFO  : Context for 'APU' is selected.
14:53:54 INFO  : 'stop' command is executed.
14:53:55 INFO  : 'ps7_init' command is executed.
14:53:55 INFO  : 'ps7_post_config' command is executed.
14:53:55 INFO  : Context for processor 'ps7_cortexa9_0' is selected.
14:53:55 INFO  : Processor reset is completed for 'ps7_cortexa9_0'.
14:53:55 INFO  : Context for processor 'ps7_cortexa9_0' is selected.
14:53:55 INFO  : 'profile -freq 1000000 -scratchaddr 0x10000000' command is executed.
14:53:55 INFO  : The application '/home/demian/UPM/ISPR/Labs/lab6/lab6.sdk/lab6/Debug/lab6.elf' is downloaded to processor 'ps7_cortexa9_0'.
14:53:55 INFO  : 'configparams force-mem-access 0' command is executed.
14:53:55 INFO  : ----------------XSDB Script----------------
connect -url tcp:127.0.0.1:3121
source /home/demian/UPM/ISPR/Labs/lab6/lab6.sdk/system_wrapper_hw_platform_0/ps7_init.tcl
targets -set -nocase -filter {name =~"APU*" && jtag_cable_name =~ "Digilent Zybo 210279787350A"} -index 0
loadhw -hw /home/demian/UPM/ISPR/Labs/lab6/lab6.sdk/system_wrapper_hw_platform_0/system.hdf -mem-ranges [list {0x40000000 0xbfffffff}]
configparams force-mem-access 1
targets -set -nocase -filter {name =~"APU*" && jtag_cable_name =~ "Digilent Zybo 210279787350A"} -index 0
stop
ps7_init
ps7_post_config
targets -set -nocase -filter {name =~ "ARM*#0" && jtag_cable_name =~ "Digilent Zybo 210279787350A"} -index 0
rst -processor
targets -set -nocase -filter {name =~ "ARM*#0" && jtag_cable_name =~ "Digilent Zybo 210279787350A"} -index 0
profile -freq 1000000 -scratchaddr 0x10000000
dow /home/demian/UPM/ISPR/Labs/lab6/lab6.sdk/lab6/Debug/lab6.elf
configparams force-mem-access 0
----------------End of Script----------------

14:53:55 INFO  : Memory regions updated for context APU
14:53:55 INFO  : Context for processor 'ps7_cortexa9_0' is selected.
14:53:55 INFO  : 'set bpid [bpadd -addr &_exit]' command is executed.
14:53:57 INFO  : 'con -block' command is executed.
14:53:57 INFO  : 'profile -out /home/demian/UPM/ISPR/Labs/lab6/lab6.sdk/lab6/Debug/gmon.out' command is executed.
14:53:57 INFO  : 'bpremove $bpid' command is executed.
14:53:57 INFO  : 'con' command is executed.
14:53:57 INFO  : ----------------XSDB Script (After Launch)----------------
targets -set -nocase -filter {name =~ "ARM*#0" && jtag_cable_name =~ "Digilent Zybo 210279787350A"} -index 0
set bpid [bpadd -addr &_exit]
con -block
profile -out /home/demian/UPM/ISPR/Labs/lab6/lab6.sdk/lab6/Debug/gmon.out
bpremove $bpid
con
----------------End of Script----------------

14:53:57 INFO  : Launch script is exported to file '/home/demian/UPM/ISPR/Labs/lab6/lab6.sdk/.sdk/launch_scripts/xilinx_c-c++_application_(system_debugger)/system_debugger_using_debug_lab6.elf_on_local.tcl'
14:54:31 INFO  : Disconnected from the channel tcfchan#4.
