
*** Running vivado
    with args -log system_axi_smc_0.vds -m64 -product Vivado -mode batch -messageDb vivado.pb -notrace -source system_axi_smc_0.tcl


****** Vivado v2017.2 (64-bit)
  **** SW Build 1909853 on Thu Jun 15 18:39:10 MDT 2017
  **** IP Build 1909766 on Thu Jun 15 19:58:00 MDT 2017
    ** Copyright 1986-2017 Xilinx, Inc. All Rights Reserved.

source system_axi_smc_0.tcl -notrace
Starting RTL Elaboration : Time (s): cpu = 00:00:05 ; elapsed = 00:00:06 . Memory (MB): peak = 1188.160 ; gain = 84.996 ; free physical = 1425 ; free virtual = 4332
INFO: [Synth 8-638] synthesizing module 'system_axi_smc_0' [/home/demian/UPM/ISPR/Labs/lab3_n/lab3_n.srcs/sources_1/bd/system/ip/system_axi_smc_0/synth/system_axi_smc_0.v:57]
INFO: [Synth 8-638] synthesizing module 'bd_44e3' [/home/demian/UPM/ISPR/Labs/lab3_n/lab3_n.srcs/sources_1/bd/system/ip/system_axi_smc_0/bd_0/hdl/bd_44e3.v:13]
INFO: [Synth 8-638] synthesizing module 'clk_map_imp_1LX95IS' [/home/demian/UPM/ISPR/Labs/lab3_n/lab3_n.srcs/sources_1/bd/system/ip/system_axi_smc_0/bd_0/hdl/bd_44e3.v:791]
INFO: [Synth 8-638] synthesizing module 'bd_44e3_one_0' [/home/demian/UPM/ISPR/Labs/lab3_n/lab3_n.srcs/sources_1/bd/system/ip/system_axi_smc_0/bd_0/ip/ip_0/synth/bd_44e3_one_0.v:57]
INFO: [Synth 8-638] synthesizing module 'xlconstant_v1_1_3_xlconstant' [/home/demian/UPM/ISPR/Labs/lab3_n/lab3_n.srcs/sources_1/bd/system/ipshared/45df/hdl/xlconstant_v1_1_vl_rfs.v:23]
INFO: [Synth 8-256] done synthesizing module 'xlconstant_v1_1_3_xlconstant' (1#1) [/home/demian/UPM/ISPR/Labs/lab3_n/lab3_n.srcs/sources_1/bd/system/ipshared/45df/hdl/xlconstant_v1_1_vl_rfs.v:23]
INFO: [Synth 8-256] done synthesizing module 'bd_44e3_one_0' (2#1) [/home/demian/UPM/ISPR/Labs/lab3_n/lab3_n.srcs/sources_1/bd/system/ip/system_axi_smc_0/bd_0/ip/ip_0/synth/bd_44e3_one_0.v:57]
INFO: [Synth 8-638] synthesizing module 'bd_44e3_psr_aclk_0' [/home/demian/UPM/ISPR/Labs/lab3_n/lab3_n.srcs/sources_1/bd/system/ip/system_axi_smc_0/bd_0/ip/ip_1/synth/bd_44e3_psr_aclk_0.vhd:74]
INFO: [Synth 8-638] synthesizing module 'proc_sys_reset' [/home/demian/UPM/ISPR/Labs/lab3_n/lab3_n.srcs/sources_1/bd/system/ipshared/5db7/hdl/proc_sys_reset_v5_0_vh_rfs.vhd:1323]
INFO: [Synth 8-638] synthesizing module 'lpf' [/home/demian/UPM/ISPR/Labs/lab3_n/lab3_n.srcs/sources_1/bd/system/ipshared/5db7/hdl/proc_sys_reset_v5_0_vh_rfs.vhd:816]
INFO: [Synth 8-638] synthesizing module 'SRL16' [/opt/Xilinx/Vivado/2017.2/scripts/rt/data/unisim_comp.v:43657]
INFO: [Synth 8-256] done synthesizing module 'SRL16' (3#1) [/opt/Xilinx/Vivado/2017.2/scripts/rt/data/unisim_comp.v:43657]
INFO: [Synth 8-638] synthesizing module 'cdc_sync' [/home/demian/UPM/ISPR/Labs/lab3_n/lab3_n.srcs/sources_1/bd/system/ipshared/52cb/hdl/lib_cdc_v1_0_rfs.vhd:106]
INFO: [Synth 8-256] done synthesizing module 'cdc_sync' (4#1) [/home/demian/UPM/ISPR/Labs/lab3_n/lab3_n.srcs/sources_1/bd/system/ipshared/52cb/hdl/lib_cdc_v1_0_rfs.vhd:106]
INFO: [Synth 8-256] done synthesizing module 'lpf' (5#1) [/home/demian/UPM/ISPR/Labs/lab3_n/lab3_n.srcs/sources_1/bd/system/ipshared/5db7/hdl/proc_sys_reset_v5_0_vh_rfs.vhd:816]
INFO: [Synth 8-638] synthesizing module 'sequence_psr' [/home/demian/UPM/ISPR/Labs/lab3_n/lab3_n.srcs/sources_1/bd/system/ipshared/5db7/hdl/proc_sys_reset_v5_0_vh_rfs.vhd:301]
INFO: [Synth 8-638] synthesizing module 'upcnt_n' [/home/demian/UPM/ISPR/Labs/lab3_n/lab3_n.srcs/sources_1/bd/system/ipshared/5db7/hdl/proc_sys_reset_v5_0_vh_rfs.vhd:125]
INFO: [Synth 8-256] done synthesizing module 'upcnt_n' (6#1) [/home/demian/UPM/ISPR/Labs/lab3_n/lab3_n.srcs/sources_1/bd/system/ipshared/5db7/hdl/proc_sys_reset_v5_0_vh_rfs.vhd:125]
INFO: [Synth 8-256] done synthesizing module 'sequence_psr' (7#1) [/home/demian/UPM/ISPR/Labs/lab3_n/lab3_n.srcs/sources_1/bd/system/ipshared/5db7/hdl/proc_sys_reset_v5_0_vh_rfs.vhd:301]
INFO: [Synth 8-256] done synthesizing module 'proc_sys_reset' (8#1) [/home/demian/UPM/ISPR/Labs/lab3_n/lab3_n.srcs/sources_1/bd/system/ipshared/5db7/hdl/proc_sys_reset_v5_0_vh_rfs.vhd:1323]
INFO: [Synth 8-256] done synthesizing module 'bd_44e3_psr_aclk_0' (9#1) [/home/demian/UPM/ISPR/Labs/lab3_n/lab3_n.srcs/sources_1/bd/system/ip/system_axi_smc_0/bd_0/ip/ip_1/synth/bd_44e3_psr_aclk_0.vhd:74]
INFO: [Synth 8-256] done synthesizing module 'clk_map_imp_1LX95IS' (10#1) [/home/demian/UPM/ISPR/Labs/lab3_n/lab3_n.srcs/sources_1/bd/system/ip/system_axi_smc_0/bd_0/hdl/bd_44e3.v:791]
INFO: [Synth 8-638] synthesizing module 'm00_exit_pipeline_imp_B7U41B' [/home/demian/UPM/ISPR/Labs/lab3_n/lab3_n.srcs/sources_1/bd/system/ip/system_axi_smc_0/bd_0/hdl/bd_44e3.v:835]
INFO: [Synth 8-638] synthesizing module 'bd_44e3_m00e_0' [/home/demian/UPM/ISPR/Labs/lab3_n/lab3_n.srcs/sources_1/bd/system/ip/system_axi_smc_0/bd_0/ip/ip_12/synth/bd_44e3_m00e_0.sv:58]
INFO: [Synth 8-256] done synthesizing module 'bd_44e3_m00e_0' (20#1) [/home/demian/UPM/ISPR/Labs/lab3_n/lab3_n.srcs/sources_1/bd/system/ip/system_axi_smc_0/bd_0/ip/ip_12/synth/bd_44e3_m00e_0.sv:58]
INFO: [Synth 8-256] done synthesizing module 'm00_exit_pipeline_imp_B7U41B' (21#1) [/home/demian/UPM/ISPR/Labs/lab3_n/lab3_n.srcs/sources_1/bd/system/ip/system_axi_smc_0/bd_0/hdl/bd_44e3.v:835]
INFO: [Synth 8-638] synthesizing module 'bd_44e3_m00s2a_0' [/home/demian/UPM/ISPR/Labs/lab3_n/lab3_n.srcs/sources_1/bd/system/ip/system_axi_smc_0/bd_0/ip/ip_11/synth/bd_44e3_m00s2a_0.sv:58]
INFO: [Synth 8-256] done synthesizing module 'bd_44e3_m00s2a_0' (23#1) [/home/demian/UPM/ISPR/Labs/lab3_n/lab3_n.srcs/sources_1/bd/system/ip/system_axi_smc_0/bd_0/ip/ip_11/synth/bd_44e3_m00s2a_0.sv:58]
INFO: [Synth 8-638] synthesizing module 'bd_44e3_s00a2s_0' [/home/demian/UPM/ISPR/Labs/lab3_n/lab3_n.srcs/sources_1/bd/system/ip/system_axi_smc_0/bd_0/ip/ip_5/synth/bd_44e3_s00a2s_0.sv:58]
INFO: [Synth 8-256] done synthesizing module 'bd_44e3_s00a2s_0' (25#1) [/home/demian/UPM/ISPR/Labs/lab3_n/lab3_n.srcs/sources_1/bd/system/ip/system_axi_smc_0/bd_0/ip/ip_5/synth/bd_44e3_s00a2s_0.sv:58]
INFO: [Synth 8-638] synthesizing module 's00_entry_pipeline_imp_1BIQ3N0' [/home/demian/UPM/ISPR/Labs/lab3_n/lab3_n.srcs/sources_1/bd/system/ip/system_axi_smc_0/bd_0/hdl/bd_44e3.v:1206]
INFO: [Synth 8-638] synthesizing module 'bd_44e3_s00mmu_0' [/home/demian/UPM/ISPR/Labs/lab3_n/lab3_n.srcs/sources_1/bd/system/ip/system_axi_smc_0/bd_0/ip/ip_2/synth/bd_44e3_s00mmu_0.sv:58]
INFO: [Synth 8-256] done synthesizing module 'bd_44e3_s00mmu_0' (29#1) [/home/demian/UPM/ISPR/Labs/lab3_n/lab3_n.srcs/sources_1/bd/system/ip/system_axi_smc_0/bd_0/ip/ip_2/synth/bd_44e3_s00mmu_0.sv:58]
INFO: [Synth 8-638] synthesizing module 'bd_44e3_s00sic_0' [/home/demian/UPM/ISPR/Labs/lab3_n/lab3_n.srcs/sources_1/bd/system/ip/system_axi_smc_0/bd_0/ip/ip_4/synth/bd_44e3_s00sic_0.sv:58]
INFO: [Synth 8-256] done synthesizing module 'bd_44e3_s00sic_0' (34#1) [/home/demian/UPM/ISPR/Labs/lab3_n/lab3_n.srcs/sources_1/bd/system/ip/system_axi_smc_0/bd_0/ip/ip_4/synth/bd_44e3_s00sic_0.sv:58]
INFO: [Synth 8-638] synthesizing module 'bd_44e3_s00tr_0' [/home/demian/UPM/ISPR/Labs/lab3_n/lab3_n.srcs/sources_1/bd/system/ip/system_axi_smc_0/bd_0/ip/ip_3/synth/bd_44e3_s00tr_0.sv:58]
INFO: [Synth 8-256] done synthesizing module 'bd_44e3_s00tr_0' (37#1) [/home/demian/UPM/ISPR/Labs/lab3_n/lab3_n.srcs/sources_1/bd/system/ip/system_axi_smc_0/bd_0/ip/ip_3/synth/bd_44e3_s00tr_0.sv:58]
INFO: [Synth 8-256] done synthesizing module 's00_entry_pipeline_imp_1BIQ3N0' (38#1) [/home/demian/UPM/ISPR/Labs/lab3_n/lab3_n.srcs/sources_1/bd/system/ip/system_axi_smc_0/bd_0/hdl/bd_44e3.v:1206]
INFO: [Synth 8-638] synthesizing module 's00_nodes_imp_1GZQO6U' [/home/demian/UPM/ISPR/Labs/lab3_n/lab3_n.srcs/sources_1/bd/system/ip/system_axi_smc_0/bd_0/hdl/bd_44e3.v:1854]
INFO: [Synth 8-638] synthesizing module 'bd_44e3_sarn_0' [/home/demian/UPM/ISPR/Labs/lab3_n/lab3_n.srcs/sources_1/bd/system/ip/system_axi_smc_0/bd_0/ip/ip_6/synth/bd_44e3_sarn_0.sv:58]
INFO: [Synth 8-638] synthesizing module 'xpm_memory_base' [/opt/Xilinx/Vivado/2017.2/data/ip/xpm/xpm_memory/hdl/xpm_memory.sv:58]
INFO: [Synth 8-256] done synthesizing module 'xpm_memory_base' (43#1) [/opt/Xilinx/Vivado/2017.2/data/ip/xpm/xpm_memory/hdl/xpm_memory.sv:58]
INFO: [Synth 8-256] done synthesizing module 'bd_44e3_sarn_0' (52#1) [/home/demian/UPM/ISPR/Labs/lab3_n/lab3_n.srcs/sources_1/bd/system/ip/system_axi_smc_0/bd_0/ip/ip_6/synth/bd_44e3_sarn_0.sv:58]
INFO: [Synth 8-638] synthesizing module 'bd_44e3_sawn_0' [/home/demian/UPM/ISPR/Labs/lab3_n/lab3_n.srcs/sources_1/bd/system/ip/system_axi_smc_0/bd_0/ip/ip_8/synth/bd_44e3_sawn_0.sv:58]
INFO: [Synth 8-256] done synthesizing module 'bd_44e3_sawn_0' (53#1) [/home/demian/UPM/ISPR/Labs/lab3_n/lab3_n.srcs/sources_1/bd/system/ip/system_axi_smc_0/bd_0/ip/ip_8/synth/bd_44e3_sawn_0.sv:58]
INFO: [Synth 8-638] synthesizing module 'bd_44e3_sbn_0' [/home/demian/UPM/ISPR/Labs/lab3_n/lab3_n.srcs/sources_1/bd/system/ip/system_axi_smc_0/bd_0/ip/ip_10/synth/bd_44e3_sbn_0.sv:58]
INFO: [Synth 8-638] synthesizing module 'xpm_memory_base__parameterized0' [/opt/Xilinx/Vivado/2017.2/data/ip/xpm/xpm_memory/hdl/xpm_memory.sv:58]
INFO: [Synth 8-256] done synthesizing module 'xpm_memory_base__parameterized0' (53#1) [/opt/Xilinx/Vivado/2017.2/data/ip/xpm/xpm_memory/hdl/xpm_memory.sv:58]
INFO: [Synth 8-256] done synthesizing module 'bd_44e3_sbn_0' (54#1) [/home/demian/UPM/ISPR/Labs/lab3_n/lab3_n.srcs/sources_1/bd/system/ip/system_axi_smc_0/bd_0/ip/ip_10/synth/bd_44e3_sbn_0.sv:58]
INFO: [Synth 8-638] synthesizing module 'bd_44e3_srn_0' [/home/demian/UPM/ISPR/Labs/lab3_n/lab3_n.srcs/sources_1/bd/system/ip/system_axi_smc_0/bd_0/ip/ip_7/synth/bd_44e3_srn_0.sv:58]
INFO: [Synth 8-638] synthesizing module 'xpm_memory_base__parameterized1' [/opt/Xilinx/Vivado/2017.2/data/ip/xpm/xpm_memory/hdl/xpm_memory.sv:58]
INFO: [Synth 8-256] done synthesizing module 'xpm_memory_base__parameterized1' (55#1) [/opt/Xilinx/Vivado/2017.2/data/ip/xpm/xpm_memory/hdl/xpm_memory.sv:58]
INFO: [Synth 8-256] done synthesizing module 'bd_44e3_srn_0' (56#1) [/home/demian/UPM/ISPR/Labs/lab3_n/lab3_n.srcs/sources_1/bd/system/ip/system_axi_smc_0/bd_0/ip/ip_7/synth/bd_44e3_srn_0.sv:58]
INFO: [Synth 8-638] synthesizing module 'bd_44e3_swn_0' [/home/demian/UPM/ISPR/Labs/lab3_n/lab3_n.srcs/sources_1/bd/system/ip/system_axi_smc_0/bd_0/ip/ip_9/synth/bd_44e3_swn_0.sv:58]
INFO: [Synth 8-638] synthesizing module 'xpm_memory_base__parameterized2' [/opt/Xilinx/Vivado/2017.2/data/ip/xpm/xpm_memory/hdl/xpm_memory.sv:58]
INFO: [Synth 8-256] done synthesizing module 'xpm_memory_base__parameterized2' (58#1) [/opt/Xilinx/Vivado/2017.2/data/ip/xpm/xpm_memory/hdl/xpm_memory.sv:58]
INFO: [Synth 8-256] done synthesizing module 'bd_44e3_swn_0' (59#1) [/home/demian/UPM/ISPR/Labs/lab3_n/lab3_n.srcs/sources_1/bd/system/ip/system_axi_smc_0/bd_0/ip/ip_9/synth/bd_44e3_swn_0.sv:58]
INFO: [Synth 8-256] done synthesizing module 's00_nodes_imp_1GZQO6U' (60#1) [/home/demian/UPM/ISPR/Labs/lab3_n/lab3_n.srcs/sources_1/bd/system/ip/system_axi_smc_0/bd_0/hdl/bd_44e3.v:1854]
INFO: [Synth 8-256] done synthesizing module 'bd_44e3' (61#1) [/home/demian/UPM/ISPR/Labs/lab3_n/lab3_n.srcs/sources_1/bd/system/ip/system_axi_smc_0/bd_0/hdl/bd_44e3.v:13]
INFO: [Synth 8-256] done synthesizing module 'system_axi_smc_0' (62#1) [/home/demian/UPM/ISPR/Labs/lab3_n/lab3_n.srcs/sources_1/bd/system/ip/system_axi_smc_0/synth/system_axi_smc_0.v:57]
Finished RTL Elaboration : Time (s): cpu = 00:00:16 ; elapsed = 00:00:16 . Memory (MB): peak = 1327.660 ; gain = 224.496 ; free physical = 1336 ; free virtual = 4246
Finished RTL Optimization Phase 1 : Time (s): cpu = 00:00:17 ; elapsed = 00:00:18 . Memory (MB): peak = 1327.660 ; gain = 224.496 ; free physical = 1362 ; free virtual = 4272
INFO: [Device 21-403] Loading part xc7z010clg400-1
Constraint Validation Runtime : Time (s): cpu = 00:00:03 ; elapsed = 00:00:01 . Memory (MB): peak = 1930.965 ; gain = 41.000 ; free physical = 836 ; free virtual = 3745
Finished Constraint Validation : Time (s): cpu = 00:00:56 ; elapsed = 00:00:52 . Memory (MB): peak = 1930.965 ; gain = 827.801 ; free physical = 1168 ; free virtual = 4077
Finished Loading Part and Timing Information : Time (s): cpu = 00:00:56 ; elapsed = 00:00:52 . Memory (MB): peak = 1930.965 ; gain = 827.801 ; free physical = 1168 ; free virtual = 4077
Finished applying 'set_property' XDC Constraints : Time (s): cpu = 00:00:56 ; elapsed = 00:00:52 . Memory (MB): peak = 1930.965 ; gain = 827.801 ; free physical = 1170 ; free virtual = 4079
Finished RTL Optimization Phase 2 : Time (s): cpu = 00:01:02 ; elapsed = 00:00:59 . Memory (MB): peak = 1930.965 ; gain = 827.801 ; free physical = 1155 ; free virtual = 4065
Finished Cross Boundary and Area Optimization : Time (s): cpu = 00:01:31 ; elapsed = 00:01:34 . Memory (MB): peak = 1930.965 ; gain = 827.801 ; free physical = 1073 ; free virtual = 3982
---------------------------------------------------------------------------------
Start ROM, RAM, DSP and Shift Register Reporting
---------------------------------------------------------------------------------

Distributed RAM: Preliminary Mapping  Report (see note below)
+----------------------------------------------------------------------------------------------------------------------------------------------------------+----------------------------------+----------------+----------------------+---------------+
|Module Name                                                                                                                                               | RTL Object                       | Inference      | Size (Depth x Width) | Primitives    | 
+----------------------------------------------------------------------------------------------------------------------------------------------------------+----------------------------------+----------------+----------------------+---------------+
|inst/i_0/\s00_nodes/s00_ar_node/inst /\inst_mi_handler/gen_normal_area.inst_fifo_node_payld/gen_xpm_memory_fifo.inst_fifo/gen_mem_rep[0].inst_xpm_memory  | gen_wr_a.gen_word_narrow.mem_reg | User Attribute | 32 x 156             | RAM32M x 26   | 
|inst/i_0/\s00_nodes/s00_aw_node/inst /\inst_mi_handler/gen_normal_area.inst_fifo_node_payld/gen_xpm_memory_fifo.inst_fifo/gen_mem_rep[0].inst_xpm_memory  | gen_wr_a.gen_word_narrow.mem_reg | User Attribute | 32 x 156             | RAM32M x 26   | 
|inst/i_0/\s00_nodes/s00_b_node/inst /\inst_mi_handler/gen_normal_area.inst_fifo_node_payld/gen_xpm_memory_fifo.inst_fifo/gen_mem_rep[0].inst_xpm_memory   | gen_wr_a.gen_word_narrow.mem_reg | User Attribute | 32 x 23              | RAM32M x 4    | 
|inst/i_0/\s00_nodes/s00_r_node/inst /\inst_mi_handler/gen_normal_area.inst_fifo_node_payld/gen_xpm_memory_fifo.inst_fifo/gen_mem_rep[0].inst_xpm_memory   | gen_wr_a.gen_word_narrow.mem_reg | User Attribute | 32 x 101             | RAM32M x 17   | 
|inst/i_0/\s00_nodes/s00_w_node/inst /\inst_mi_handler/gen_normal_area.inst_fifo_node_payld/gen_xpm_memory_fifo.inst_fifo/gen_mem_rep[0].inst_xpm_memory   | gen_wr_a.gen_word_narrow.mem_reg | User Attribute | 32 x 106             | RAM32M x 18   | 
+----------------------------------------------------------------------------------------------------------------------------------------------------------+----------------------------------+----------------+----------------------+---------------+

Note: The table above is a preliminary report that shows the Distributed RAMs at the current stage of the synthesis flow. Some Distributed RAMs may be reimplemented as non Distributed RAM primitives later in the synthesis flow. Multiple instantiated RAMs are reported only once.
---------------------------------------------------------------------------------
Finished ROM, RAM, DSP and Shift Register Reporting
---------------------------------------------------------------------------------
Finished Applying XDC Timing Constraints : Time (s): cpu = 00:01:42 ; elapsed = 00:01:44 . Memory (MB): peak = 1930.965 ; gain = 827.801 ; free physical = 951 ; free virtual = 3861
Finished Timing Optimization : Time (s): cpu = 00:01:47 ; elapsed = 00:01:49 . Memory (MB): peak = 1930.965 ; gain = 827.801 ; free physical = 903 ; free virtual = 3813
Finished Technology Mapping : Time (s): cpu = 00:01:52 ; elapsed = 00:01:55 . Memory (MB): peak = 1930.965 ; gain = 827.801 ; free physical = 1011 ; free virtual = 3921
Finished IO Insertion : Time (s): cpu = 00:01:53 ; elapsed = 00:01:56 . Memory (MB): peak = 1930.965 ; gain = 827.801 ; free physical = 1011 ; free virtual = 3921
Finished Renaming Generated Instances : Time (s): cpu = 00:01:53 ; elapsed = 00:01:56 . Memory (MB): peak = 1930.965 ; gain = 827.801 ; free physical = 1011 ; free virtual = 3921
Finished Rebuilding User Hierarchy : Time (s): cpu = 00:01:54 ; elapsed = 00:01:57 . Memory (MB): peak = 1930.965 ; gain = 827.801 ; free physical = 1011 ; free virtual = 3921
Finished Renaming Generated Ports : Time (s): cpu = 00:01:54 ; elapsed = 00:01:57 . Memory (MB): peak = 1930.965 ; gain = 827.801 ; free physical = 1011 ; free virtual = 3921
Finished Handling Custom Attributes : Time (s): cpu = 00:01:54 ; elapsed = 00:01:57 . Memory (MB): peak = 1930.965 ; gain = 827.801 ; free physical = 1011 ; free virtual = 3921
Finished Renaming Generated Nets : Time (s): cpu = 00:01:54 ; elapsed = 00:01:57 . Memory (MB): peak = 1930.965 ; gain = 827.801 ; free physical = 1011 ; free virtual = 3921

Report Cell Usage: 
+------+--------+------+
|      |Cell    |Count |
+------+--------+------+
|1     |CARRY4  |     4|
|2     |LUT1    |    52|
|3     |LUT2    |   146|
|4     |LUT3    |   157|
|5     |LUT4    |   845|
|6     |LUT5    |   230|
|7     |LUT6    |   494|
|8     |MUXF7   |     1|
|9     |RAM32M  |    91|
|10    |SRL16   |     1|
|11    |SRLC32E |   154|
|12    |FDR     |     4|
|13    |FDRE    |  2053|
|14    |FDSE    |    77|
+------+--------+------+
Finished Writing Synthesis Report : Time (s): cpu = 00:01:54 ; elapsed = 00:01:57 . Memory (MB): peak = 1930.965 ; gain = 827.801 ; free physical = 1011 ; free virtual = 3921
synth_design: Time (s): cpu = 00:01:58 ; elapsed = 00:02:00 . Memory (MB): peak = 1930.973 ; gain = 841.395 ; free physical = 1058 ; free virtual = 3968
