
*** Running vivado
    with args -log system_axi_bram_ctrl_0_bram_1.vds -m64 -product Vivado -mode batch -messageDb vivado.pb -notrace -source system_axi_bram_ctrl_0_bram_1.tcl


****** Vivado v2017.2 (64-bit)
  **** SW Build 1909853 on Thu Jun 15 18:39:10 MDT 2017
  **** IP Build 1909766 on Thu Jun 15 19:58:00 MDT 2017
    ** Copyright 1986-2017 Xilinx, Inc. All Rights Reserved.

source system_axi_bram_ctrl_0_bram_1.tcl -notrace
Starting RTL Elaboration : Time (s): cpu = 00:00:06 ; elapsed = 00:00:06 . Memory (MB): peak = 1166.148 ; gain = 66.996 ; free physical = 1468 ; free virtual = 4363
INFO: [Synth 8-638] synthesizing module 'system_axi_bram_ctrl_0_bram_1' [/home/demian/UPM/ISPR/Labs/lab3_n/lab3_n.srcs/sources_1/bd/system/ip/system_axi_bram_ctrl_0_bram_1/synth/system_axi_bram_ctrl_0_bram_1.vhd:78]
INFO: [Synth 8-256] done synthesizing module 'system_axi_bram_ctrl_0_bram_1' (11#1) [/home/demian/UPM/ISPR/Labs/lab3_n/lab3_n.srcs/sources_1/bd/system/ip/system_axi_bram_ctrl_0_bram_1/synth/system_axi_bram_ctrl_0_bram_1.vhd:78]
Finished RTL Elaboration : Time (s): cpu = 00:01:18 ; elapsed = 00:01:19 . Memory (MB): peak = 1367.547 ; gain = 268.395 ; free physical = 1446 ; free virtual = 4342
Finished RTL Optimization Phase 1 : Time (s): cpu = 00:01:18 ; elapsed = 00:01:19 . Memory (MB): peak = 1367.547 ; gain = 268.395 ; free physical = 1456 ; free virtual = 4352
INFO: [Device 21-403] Loading part xc7z010clg400-1
Constraint Validation Runtime : Time (s): cpu = 00:00:00.05 ; elapsed = 00:00:00.04 . Memory (MB): peak = 1540.367 ; gain = 0.000 ; free physical = 1183 ; free virtual = 4079
Finished Constraint Validation : Time (s): cpu = 00:01:32 ; elapsed = 00:01:33 . Memory (MB): peak = 1540.367 ; gain = 441.215 ; free physical = 1308 ; free virtual = 4205
Finished Loading Part and Timing Information : Time (s): cpu = 00:01:32 ; elapsed = 00:01:33 . Memory (MB): peak = 1540.367 ; gain = 441.215 ; free physical = 1308 ; free virtual = 4205
Finished applying 'set_property' XDC Constraints : Time (s): cpu = 00:01:32 ; elapsed = 00:01:33 . Memory (MB): peak = 1540.367 ; gain = 441.215 ; free physical = 1310 ; free virtual = 4207
Finished RTL Optimization Phase 2 : Time (s): cpu = 00:01:33 ; elapsed = 00:01:34 . Memory (MB): peak = 1540.367 ; gain = 441.215 ; free physical = 1302 ; free virtual = 4199
Finished Cross Boundary and Area Optimization : Time (s): cpu = 00:01:33 ; elapsed = 00:01:35 . Memory (MB): peak = 1540.367 ; gain = 441.215 ; free physical = 1295 ; free virtual = 4192
Finished Applying XDC Timing Constraints : Time (s): cpu = 00:01:43 ; elapsed = 00:01:44 . Memory (MB): peak = 1540.367 ; gain = 441.215 ; free physical = 1166 ; free virtual = 4063
Finished Timing Optimization : Time (s): cpu = 00:01:43 ; elapsed = 00:01:45 . Memory (MB): peak = 1540.367 ; gain = 441.215 ; free physical = 1165 ; free virtual = 4062
Finished Technology Mapping : Time (s): cpu = 00:01:43 ; elapsed = 00:01:45 . Memory (MB): peak = 1548.375 ; gain = 449.223 ; free physical = 1163 ; free virtual = 4060
Finished IO Insertion : Time (s): cpu = 00:01:44 ; elapsed = 00:01:45 . Memory (MB): peak = 1548.375 ; gain = 449.223 ; free physical = 1163 ; free virtual = 4060
Finished Renaming Generated Instances : Time (s): cpu = 00:01:44 ; elapsed = 00:01:45 . Memory (MB): peak = 1548.375 ; gain = 449.223 ; free physical = 1163 ; free virtual = 4060
Finished Rebuilding User Hierarchy : Time (s): cpu = 00:01:44 ; elapsed = 00:01:45 . Memory (MB): peak = 1548.375 ; gain = 449.223 ; free physical = 1163 ; free virtual = 4060
Finished Renaming Generated Ports : Time (s): cpu = 00:01:44 ; elapsed = 00:01:45 . Memory (MB): peak = 1548.375 ; gain = 449.223 ; free physical = 1163 ; free virtual = 4060
Finished Handling Custom Attributes : Time (s): cpu = 00:01:44 ; elapsed = 00:01:45 . Memory (MB): peak = 1548.375 ; gain = 449.223 ; free physical = 1163 ; free virtual = 4060
Finished Renaming Generated Nets : Time (s): cpu = 00:01:44 ; elapsed = 00:01:45 . Memory (MB): peak = 1548.375 ; gain = 449.223 ; free physical = 1163 ; free virtual = 4060

Report Cell Usage: 
+------+---------+------+
|      |Cell     |Count |
+------+---------+------+
|1     |RAMB36E1 |    16|
+------+---------+------+
Finished Writing Synthesis Report : Time (s): cpu = 00:01:44 ; elapsed = 00:01:45 . Memory (MB): peak = 1548.375 ; gain = 449.223 ; free physical = 1163 ; free virtual = 4060
synth_design: Time (s): cpu = 00:01:46 ; elapsed = 00:01:47 . Memory (MB): peak = 1553.375 ; gain = 466.809 ; free physical = 1191 ; free virtual = 4088
