Duplicated file found; will not be sent for synthesis: /home/demian/UPM/ISPR/Labs/lab4/lab4.srcs/sources_1/bd/system/ipshared/39ca/hdl/verilog/sc_util_v1_0_2_constants.vh
Duplicated file found; will not be sent for synthesis: /home/demian/UPM/ISPR/Labs/lab4/lab4.srcs/sources_1/bd/system/ipshared/39ca/hdl/verilog/sc_util_v1_0_2_structs.svh
Duplicated file found; will not be sent for synthesis: /home/demian/UPM/ISPR/Labs/lab4/lab4.srcs/sources_1/bd/system/ipshared/39ca/hdl/sc_util_v1_0_vl_rfs.sv
Duplicated file found; will not be sent for synthesis: /home/demian/UPM/ISPR/Labs/lab4/lab4.srcs/sources_1/bd/system/ipshared/39ca/hdl/verilog/sc_util_v1_0_2_constants.vh
Duplicated file found; will not be sent for synthesis: /home/demian/UPM/ISPR/Labs/lab4/lab4.srcs/sources_1/bd/system/ipshared/39ca/hdl/verilog/sc_util_v1_0_2_structs.svh
Duplicated file found; will not be sent for synthesis: /home/demian/UPM/ISPR/Labs/lab4/lab4.srcs/sources_1/bd/system/ipshared/39ca/hdl/sc_util_v1_0_vl_rfs.sv
Duplicated file found; will not be sent for synthesis: /home/demian/UPM/ISPR/Labs/lab4/lab4.srcs/sources_1/bd/system/ipshared/224a/hdl/sc_sc2axi_v1_0_vl_rfs.sv
Duplicated file found; will not be sent for synthesis: /home/demian/UPM/ISPR/Labs/lab4/lab4.srcs/sources_1/bd/system/ipshared/39ca/hdl/verilog/sc_util_v1_0_2_constants.vh
Duplicated file found; will not be sent for synthesis: /home/demian/UPM/ISPR/Labs/lab4/lab4.srcs/sources_1/bd/system/ipshared/39ca/hdl/verilog/sc_util_v1_0_2_structs.svh
Duplicated file found; will not be sent for synthesis: /home/demian/UPM/ISPR/Labs/lab4/lab4.srcs/sources_1/bd/system/ipshared/39ca/hdl/sc_util_v1_0_vl_rfs.sv
Duplicated file found; will not be sent for synthesis: /home/demian/UPM/ISPR/Labs/lab4/lab4.srcs/sources_1/bd/system/ipshared/39ca/hdl/verilog/sc_util_v1_0_2_constants.vh
Duplicated file found; will not be sent for synthesis: /home/demian/UPM/ISPR/Labs/lab4/lab4.srcs/sources_1/bd/system/ipshared/39ca/hdl/verilog/sc_util_v1_0_2_structs.svh
Duplicated file found; will not be sent for synthesis: /home/demian/UPM/ISPR/Labs/lab4/lab4.srcs/sources_1/bd/system/ipshared/39ca/hdl/sc_util_v1_0_vl_rfs.sv
Duplicated file found; will not be sent for synthesis: /home/demian/UPM/ISPR/Labs/lab4/lab4.srcs/sources_1/bd/system/ipshared/39ca/hdl/verilog/sc_util_v1_0_2_constants.vh
Duplicated file found; will not be sent for synthesis: /home/demian/UPM/ISPR/Labs/lab4/lab4.srcs/sources_1/bd/system/ipshared/39ca/hdl/verilog/sc_util_v1_0_2_structs.svh
Duplicated file found; will not be sent for synthesis: /home/demian/UPM/ISPR/Labs/lab4/lab4.srcs/sources_1/bd/system/ipshared/39ca/hdl/sc_util_v1_0_vl_rfs.sv
Duplicated file found; will not be sent for synthesis: /home/demian/UPM/ISPR/Labs/lab4/lab4.srcs/sources_1/bd/system/ipshared/f80f/hdl/verilog/sc_node_v1_0_5_t_reqsend.svh
Duplicated file found; will not be sent for synthesis: /home/demian/UPM/ISPR/Labs/lab4/lab4.srcs/sources_1/bd/system/ipshared/f80f/hdl/sc_node_v1_0_vl_rfs.sv
Duplicated file found; will not be sent for synthesis: /home/demian/UPM/ISPR/Labs/lab4/lab4.srcs/sources_1/bd/system/ipshared/39ca/hdl/verilog/sc_util_v1_0_2_constants.vh
Duplicated file found; will not be sent for synthesis: /home/demian/UPM/ISPR/Labs/lab4/lab4.srcs/sources_1/bd/system/ipshared/39ca/hdl/verilog/sc_util_v1_0_2_structs.svh
Duplicated file found; will not be sent for synthesis: /home/demian/UPM/ISPR/Labs/lab4/lab4.srcs/sources_1/bd/system/ipshared/39ca/hdl/sc_util_v1_0_vl_rfs.sv
Duplicated file found; will not be sent for synthesis: /home/demian/UPM/ISPR/Labs/lab4/lab4.srcs/sources_1/bd/system/ipshared/f80f/hdl/verilog/sc_node_v1_0_5_t_reqsend.svh
Duplicated file found; will not be sent for synthesis: /home/demian/UPM/ISPR/Labs/lab4/lab4.srcs/sources_1/bd/system/ipshared/f80f/hdl/sc_node_v1_0_vl_rfs.sv
Duplicated file found; will not be sent for synthesis: /home/demian/UPM/ISPR/Labs/lab4/lab4.srcs/sources_1/bd/system/ipshared/39ca/hdl/verilog/sc_util_v1_0_2_constants.vh
Duplicated file found; will not be sent for synthesis: /home/demian/UPM/ISPR/Labs/lab4/lab4.srcs/sources_1/bd/system/ipshared/39ca/hdl/verilog/sc_util_v1_0_2_structs.svh
Duplicated file found; will not be sent for synthesis: /home/demian/UPM/ISPR/Labs/lab4/lab4.srcs/sources_1/bd/system/ipshared/39ca/hdl/sc_util_v1_0_vl_rfs.sv
Duplicated file found; will not be sent for synthesis: /home/demian/UPM/ISPR/Labs/lab4/lab4.srcs/sources_1/bd/system/ipshared/f80f/hdl/verilog/sc_node_v1_0_5_t_reqsend.svh
Duplicated file found; will not be sent for synthesis: /home/demian/UPM/ISPR/Labs/lab4/lab4.srcs/sources_1/bd/system/ipshared/f80f/hdl/sc_node_v1_0_vl_rfs.sv
Duplicated file found; will not be sent for synthesis: /home/demian/UPM/ISPR/Labs/lab4/lab4.srcs/sources_1/bd/system/ipshared/39ca/hdl/verilog/sc_util_v1_0_2_constants.vh
Duplicated file found; will not be sent for synthesis: /home/demian/UPM/ISPR/Labs/lab4/lab4.srcs/sources_1/bd/system/ipshared/39ca/hdl/verilog/sc_util_v1_0_2_structs.svh
Duplicated file found; will not be sent for synthesis: /home/demian/UPM/ISPR/Labs/lab4/lab4.srcs/sources_1/bd/system/ipshared/39ca/hdl/sc_util_v1_0_vl_rfs.sv
Duplicated file found; will not be sent for synthesis: /home/demian/UPM/ISPR/Labs/lab4/lab4.srcs/sources_1/bd/system/ipshared/f80f/hdl/verilog/sc_node_v1_0_5_t_reqsend.svh
Duplicated file found; will not be sent for synthesis: /home/demian/UPM/ISPR/Labs/lab4/lab4.srcs/sources_1/bd/system/ipshared/f80f/hdl/sc_node_v1_0_vl_rfs.sv
Duplicated file found; will not be sent for synthesis: /home/demian/UPM/ISPR/Labs/lab4/lab4.srcs/sources_1/bd/system/ipshared/39ca/hdl/verilog/sc_util_v1_0_2_constants.vh
Duplicated file found; will not be sent for synthesis: /home/demian/UPM/ISPR/Labs/lab4/lab4.srcs/sources_1/bd/system/ipshared/39ca/hdl/verilog/sc_util_v1_0_2_structs.svh
Duplicated file found; will not be sent for synthesis: /home/demian/UPM/ISPR/Labs/lab4/lab4.srcs/sources_1/bd/system/ipshared/39ca/hdl/sc_util_v1_0_vl_rfs.sv
Duplicated file found; will not be sent for synthesis: /home/demian/UPM/ISPR/Labs/lab4/lab4.srcs/sources_1/bd/system/ipshared/986a/hdl/sc_exit_v1_0_vl_rfs.sv
Duplicated file found; will not be sent for synthesis: /home/demian/UPM/ISPR/Labs/lab4/lab4.srcs/sources_1/bd/system/ipshared/39ca/hdl/verilog/sc_util_v1_0_2_constants.vh
Duplicated file found; will not be sent for synthesis: /home/demian/UPM/ISPR/Labs/lab4/lab4.srcs/sources_1/bd/system/ipshared/39ca/hdl/verilog/sc_util_v1_0_2_structs.svh
Duplicated file found; will not be sent for synthesis: /home/demian/UPM/ISPR/Labs/lab4/lab4.srcs/sources_1/bd/system/ipshared/39ca/hdl/sc_util_v1_0_vl_rfs.sv
Duplicated file found; will not be sent for synthesis: /home/demian/UPM/ISPR/Labs/lab4/lab4.srcs/sources_1/bd/system/ipshared/f80f/hdl/verilog/sc_node_v1_0_5_t_reqsend.svh
Duplicated file found; will not be sent for synthesis: /home/demian/UPM/ISPR/Labs/lab4/lab4.srcs/sources_1/bd/system/ipshared/f80f/hdl/sc_node_v1_0_vl_rfs.sv
Duplicated file found; will not be sent for synthesis: /home/demian/UPM/ISPR/Labs/lab4/lab4.srcs/sources_1/bd/system/ipshared/39ca/hdl/verilog/sc_util_v1_0_2_constants.vh
Duplicated file found; will not be sent for synthesis: /home/demian/UPM/ISPR/Labs/lab4/lab4.srcs/sources_1/bd/system/ipshared/39ca/hdl/verilog/sc_util_v1_0_2_structs.svh
Duplicated file found; will not be sent for synthesis: /home/demian/UPM/ISPR/Labs/lab4/lab4.srcs/sources_1/bd/system/ipshared/39ca/hdl/sc_util_v1_0_vl_rfs.sv
Duplicated file found; will not be sent for synthesis: /home/demian/UPM/ISPR/Labs/lab4/lab4.srcs/sources_1/bd/system/ipshared/f80f/hdl/verilog/sc_node_v1_0_5_t_reqsend.svh
Duplicated file found; will not be sent for synthesis: /home/demian/UPM/ISPR/Labs/lab4/lab4.srcs/sources_1/bd/system/ipshared/f80f/hdl/sc_node_v1_0_vl_rfs.sv
Duplicated file found; will not be sent for synthesis: /home/demian/UPM/ISPR/Labs/lab4/lab4.srcs/sources_1/bd/system/ipshared/39ca/hdl/verilog/sc_util_v1_0_2_constants.vh
Duplicated file found; will not be sent for synthesis: /home/demian/UPM/ISPR/Labs/lab4/lab4.srcs/sources_1/bd/system/ipshared/39ca/hdl/verilog/sc_util_v1_0_2_structs.svh
Duplicated file found; will not be sent for synthesis: /home/demian/UPM/ISPR/Labs/lab4/lab4.srcs/sources_1/bd/system/ipshared/39ca/hdl/sc_util_v1_0_vl_rfs.sv
Duplicated file found; will not be sent for synthesis: /home/demian/UPM/ISPR/Labs/lab4/lab4.srcs/sources_1/bd/system/ipshared/f80f/hdl/verilog/sc_node_v1_0_5_t_reqsend.svh
Duplicated file found; will not be sent for synthesis: /home/demian/UPM/ISPR/Labs/lab4/lab4.srcs/sources_1/bd/system/ipshared/f80f/hdl/sc_node_v1_0_vl_rfs.sv
Duplicated file found; will not be sent for synthesis: /home/demian/UPM/ISPR/Labs/lab4/lab4.srcs/sources_1/bd/system/ipshared/39ca/hdl/verilog/sc_util_v1_0_2_constants.vh
Duplicated file found; will not be sent for synthesis: /home/demian/UPM/ISPR/Labs/lab4/lab4.srcs/sources_1/bd/system/ipshared/39ca/hdl/verilog/sc_util_v1_0_2_structs.svh
Duplicated file found; will not be sent for synthesis: /home/demian/UPM/ISPR/Labs/lab4/lab4.srcs/sources_1/bd/system/ipshared/39ca/hdl/sc_util_v1_0_vl_rfs.sv
Duplicated file found; will not be sent for synthesis: /home/demian/UPM/ISPR/Labs/lab4/lab4.srcs/sources_1/bd/system/ipshared/f80f/hdl/verilog/sc_node_v1_0_5_t_reqsend.svh
Duplicated file found; will not be sent for synthesis: /home/demian/UPM/ISPR/Labs/lab4/lab4.srcs/sources_1/bd/system/ipshared/f80f/hdl/sc_node_v1_0_vl_rfs.sv
Duplicated file found; will not be sent for synthesis: /home/demian/UPM/ISPR/Labs/lab4/lab4.srcs/sources_1/bd/system/ipshared/39ca/hdl/verilog/sc_util_v1_0_2_constants.vh
Duplicated file found; will not be sent for synthesis: /home/demian/UPM/ISPR/Labs/lab4/lab4.srcs/sources_1/bd/system/ipshared/39ca/hdl/verilog/sc_util_v1_0_2_structs.svh
Duplicated file found; will not be sent for synthesis: /home/demian/UPM/ISPR/Labs/lab4/lab4.srcs/sources_1/bd/system/ipshared/39ca/hdl/sc_util_v1_0_vl_rfs.sv
Duplicated file found; will not be sent for synthesis: /home/demian/UPM/ISPR/Labs/lab4/lab4.srcs/sources_1/bd/system/ipshared/f80f/hdl/verilog/sc_node_v1_0_5_t_reqsend.svh
Duplicated file found; will not be sent for synthesis: /home/demian/UPM/ISPR/Labs/lab4/lab4.srcs/sources_1/bd/system/ipshared/f80f/hdl/sc_node_v1_0_vl_rfs.sv
Duplicated file found; will not be sent for synthesis: /home/demian/UPM/ISPR/Labs/lab4/lab4.srcs/sources_1/bd/system/ipshared/39ca/hdl/verilog/sc_util_v1_0_2_constants.vh
Duplicated file found; will not be sent for synthesis: /home/demian/UPM/ISPR/Labs/lab4/lab4.srcs/sources_1/bd/system/ipshared/39ca/hdl/verilog/sc_util_v1_0_2_structs.svh
Duplicated file found; will not be sent for synthesis: /home/demian/UPM/ISPR/Labs/lab4/lab4.srcs/sources_1/bd/system/ipshared/39ca/hdl/sc_util_v1_0_vl_rfs.sv
Duplicated file found; will not be sent for synthesis: /home/demian/UPM/ISPR/Labs/lab4/lab4.srcs/sources_1/bd/system/ipshared/f80f/hdl/verilog/sc_node_v1_0_5_t_reqsend.svh
Duplicated file found; will not be sent for synthesis: /home/demian/UPM/ISPR/Labs/lab4/lab4.srcs/sources_1/bd/system/ipshared/f80f/hdl/sc_node_v1_0_vl_rfs.sv
Duplicated file found; will not be sent for synthesis: /home/demian/UPM/ISPR/Labs/lab4/lab4.srcs/sources_1/bd/system/ipshared/39ca/hdl/verilog/sc_util_v1_0_2_constants.vh
Duplicated file found; will not be sent for synthesis: /home/demian/UPM/ISPR/Labs/lab4/lab4.srcs/sources_1/bd/system/ipshared/39ca/hdl/verilog/sc_util_v1_0_2_structs.svh
Duplicated file found; will not be sent for synthesis: /home/demian/UPM/ISPR/Labs/lab4/lab4.srcs/sources_1/bd/system/ipshared/39ca/hdl/sc_util_v1_0_vl_rfs.sv
Duplicated file found; will not be sent for synthesis: /home/demian/UPM/ISPR/Labs/lab4/lab4.srcs/sources_1/bd/system/ipshared/f80f/hdl/verilog/sc_node_v1_0_5_t_reqsend.svh
Duplicated file found; will not be sent for synthesis: /home/demian/UPM/ISPR/Labs/lab4/lab4.srcs/sources_1/bd/system/ipshared/f80f/hdl/sc_node_v1_0_vl_rfs.sv
Duplicated file found; will not be sent for synthesis: /home/demian/UPM/ISPR/Labs/lab4/lab4.srcs/sources_1/bd/system/ipshared/39ca/hdl/verilog/sc_util_v1_0_2_constants.vh
Duplicated file found; will not be sent for synthesis: /home/demian/UPM/ISPR/Labs/lab4/lab4.srcs/sources_1/bd/system/ipshared/39ca/hdl/verilog/sc_util_v1_0_2_structs.svh
Duplicated file found; will not be sent for synthesis: /home/demian/UPM/ISPR/Labs/lab4/lab4.srcs/sources_1/bd/system/ipshared/39ca/hdl/sc_util_v1_0_vl_rfs.sv
Duplicated file found; will not be sent for synthesis: /home/demian/UPM/ISPR/Labs/lab4/lab4.srcs/sources_1/bd/system/ipshared/f80f/hdl/verilog/sc_node_v1_0_5_t_reqsend.svh
Duplicated file found; will not be sent for synthesis: /home/demian/UPM/ISPR/Labs/lab4/lab4.srcs/sources_1/bd/system/ipshared/f80f/hdl/sc_node_v1_0_vl_rfs.sv
Duplicated file found; will not be sent for synthesis: /home/demian/UPM/ISPR/Labs/lab4/lab4.srcs/sources_1/bd/system/ipshared/39ca/hdl/verilog/sc_util_v1_0_2_constants.vh
Duplicated file found; will not be sent for synthesis: /home/demian/UPM/ISPR/Labs/lab4/lab4.srcs/sources_1/bd/system/ipshared/39ca/hdl/verilog/sc_util_v1_0_2_structs.svh
Duplicated file found; will not be sent for synthesis: /home/demian/UPM/ISPR/Labs/lab4/lab4.srcs/sources_1/bd/system/ipshared/39ca/hdl/sc_util_v1_0_vl_rfs.sv
Duplicated file found; will not be sent for synthesis: /home/demian/UPM/ISPR/Labs/lab4/lab4.srcs/sources_1/bd/system/ipshared/f80f/hdl/verilog/sc_node_v1_0_5_t_reqsend.svh
Duplicated file found; will not be sent for synthesis: /home/demian/UPM/ISPR/Labs/lab4/lab4.srcs/sources_1/bd/system/ipshared/f80f/hdl/sc_node_v1_0_vl_rfs.sv
Duplicated file found; will not be sent for synthesis: /home/demian/UPM/ISPR/Labs/lab4/lab4.srcs/sources_1/bd/system/ipshared/39ca/hdl/verilog/sc_util_v1_0_2_constants.vh
Duplicated file found; will not be sent for synthesis: /home/demian/UPM/ISPR/Labs/lab4/lab4.srcs/sources_1/bd/system/ipshared/39ca/hdl/verilog/sc_util_v1_0_2_structs.svh
Duplicated file found; will not be sent for synthesis: /home/demian/UPM/ISPR/Labs/lab4/lab4.srcs/sources_1/bd/system/ipshared/39ca/hdl/sc_util_v1_0_vl_rfs.sv
Duplicated file found; will not be sent for synthesis: /home/demian/UPM/ISPR/Labs/lab4/lab4.srcs/sources_1/bd/system/ipshared/f80f/hdl/verilog/sc_node_v1_0_5_t_reqsend.svh
Duplicated file found; will not be sent for synthesis: /home/demian/UPM/ISPR/Labs/lab4/lab4.srcs/sources_1/bd/system/ipshared/f80f/hdl/sc_node_v1_0_vl_rfs.sv
Duplicated file found; will not be sent for synthesis: /home/demian/UPM/ISPR/Labs/lab4/lab4.srcs/sources_1/bd/system/ipshared/39ca/hdl/verilog/sc_util_v1_0_2_constants.vh
Duplicated file found; will not be sent for synthesis: /home/demian/UPM/ISPR/Labs/lab4/lab4.srcs/sources_1/bd/system/ipshared/39ca/hdl/verilog/sc_util_v1_0_2_structs.svh
Duplicated file found; will not be sent for synthesis: /home/demian/UPM/ISPR/Labs/lab4/lab4.srcs/sources_1/bd/system/ipshared/39ca/hdl/sc_util_v1_0_vl_rfs.sv
Duplicated file found; will not be sent for synthesis: /home/demian/UPM/ISPR/Labs/lab4/lab4.srcs/sources_1/bd/system/ipshared/39ca/hdl/verilog/sc_util_v1_0_2_constants.vh
Duplicated file found; will not be sent for synthesis: /home/demian/UPM/ISPR/Labs/lab4/lab4.srcs/sources_1/bd/system/ipshared/39ca/hdl/verilog/sc_util_v1_0_2_structs.svh
Duplicated file found; will not be sent for synthesis: /home/demian/UPM/ISPR/Labs/lab4/lab4.srcs/sources_1/bd/system/ipshared/39ca/hdl/sc_util_v1_0_vl_rfs.sv
Duplicated file found; will not be sent for synthesis: /home/demian/UPM/ISPR/Labs/lab4/lab4.srcs/sources_1/bd/system/ipshared/39ca/hdl/verilog/sc_util_v1_0_2_constants.vh
Duplicated file found; will not be sent for synthesis: /home/demian/UPM/ISPR/Labs/lab4/lab4.srcs/sources_1/bd/system/ipshared/39ca/hdl/verilog/sc_util_v1_0_2_structs.svh
Duplicated file found; will not be sent for synthesis: /home/demian/UPM/ISPR/Labs/lab4/lab4.srcs/sources_1/bd/system/ipshared/39ca/hdl/sc_util_v1_0_vl_rfs.sv
Duplicated file found; will not be sent for synthesis: /home/demian/UPM/ISPR/Labs/lab4/lab4.srcs/sources_1/bd/system/ipshared/39ca/hdl/verilog/sc_util_v1_0_2_constants.vh
Duplicated file found; will not be sent for synthesis: /home/demian/UPM/ISPR/Labs/lab4/lab4.srcs/sources_1/bd/system/ipshared/39ca/hdl/verilog/sc_util_v1_0_2_structs.svh
Duplicated file found; will not be sent for synthesis: /home/demian/UPM/ISPR/Labs/lab4/lab4.srcs/sources_1/bd/system/ipshared/39ca/hdl/sc_util_v1_0_vl_rfs.sv
Duplicated file found; will not be sent for synthesis: /home/demian/UPM/ISPR/Labs/lab4/lab4.srcs/sources_1/bd/system/ipshared/39ca/hdl/verilog/sc_util_v1_0_2_constants.vh
Duplicated file found; will not be sent for synthesis: /home/demian/UPM/ISPR/Labs/lab4/lab4.srcs/sources_1/bd/system/ipshared/39ca/hdl/verilog/sc_util_v1_0_2_structs.svh
Duplicated file found; will not be sent for synthesis: /home/demian/UPM/ISPR/Labs/lab4/lab4.srcs/sources_1/bd/system/ipshared/39ca/hdl/sc_util_v1_0_vl_rfs.sv
Duplicated file found; will not be sent for synthesis: /home/demian/UPM/ISPR/Labs/lab4/lab4.srcs/sources_1/bd/system/ipshared/7daf/hdl/sc_switchboard_v1_0_vl_rfs.sv
Duplicated file found; will not be sent for synthesis: /home/demian/UPM/ISPR/Labs/lab4/lab4.srcs/sources_1/bd/system/ipshared/39ca/hdl/verilog/sc_util_v1_0_2_constants.vh
Duplicated file found; will not be sent for synthesis: /home/demian/UPM/ISPR/Labs/lab4/lab4.srcs/sources_1/bd/system/ipshared/39ca/hdl/verilog/sc_util_v1_0_2_structs.svh
Duplicated file found; will not be sent for synthesis: /home/demian/UPM/ISPR/Labs/lab4/lab4.srcs/sources_1/bd/system/ipshared/39ca/hdl/sc_util_v1_0_vl_rfs.sv
Duplicated file found; will not be sent for synthesis: /home/demian/UPM/ISPR/Labs/lab4/lab4.srcs/sources_1/bd/system/ipshared/7daf/hdl/sc_switchboard_v1_0_vl_rfs.sv
Duplicated file found; will not be sent for synthesis: /home/demian/UPM/ISPR/Labs/lab4/lab4.srcs/sources_1/bd/system/ipshared/39ca/hdl/verilog/sc_util_v1_0_2_constants.vh
Duplicated file found; will not be sent for synthesis: /home/demian/UPM/ISPR/Labs/lab4/lab4.srcs/sources_1/bd/system/ipshared/39ca/hdl/verilog/sc_util_v1_0_2_structs.svh
Duplicated file found; will not be sent for synthesis: /home/demian/UPM/ISPR/Labs/lab4/lab4.srcs/sources_1/bd/system/ipshared/39ca/hdl/sc_util_v1_0_vl_rfs.sv
Duplicated file found; will not be sent for synthesis: /home/demian/UPM/ISPR/Labs/lab4/lab4.srcs/sources_1/bd/system/ipshared/7daf/hdl/sc_switchboard_v1_0_vl_rfs.sv
Duplicated file found; will not be sent for synthesis: /home/demian/UPM/ISPR/Labs/lab4/lab4.srcs/sources_1/bd/system/ipshared/39ca/hdl/verilog/sc_util_v1_0_2_constants.vh
Duplicated file found; will not be sent for synthesis: /home/demian/UPM/ISPR/Labs/lab4/lab4.srcs/sources_1/bd/system/ipshared/39ca/hdl/verilog/sc_util_v1_0_2_structs.svh
Duplicated file found; will not be sent for synthesis: /home/demian/UPM/ISPR/Labs/lab4/lab4.srcs/sources_1/bd/system/ipshared/39ca/hdl/sc_util_v1_0_vl_rfs.sv
Duplicated file found; will not be sent for synthesis: /home/demian/UPM/ISPR/Labs/lab4/lab4.srcs/sources_1/bd/system/ipshared/7daf/hdl/sc_switchboard_v1_0_vl_rfs.sv
CRC performance measure: elapsed=00:00:00s;;memory_peak=1108.168MB;;memory_gain=0.000MB
