
*** Running vivado
    with args -log system_rst_ps7_0_140M_1.vds -m64 -product Vivado -mode batch -messageDb vivado.pb -notrace -source system_rst_ps7_0_140M_1.tcl


****** Vivado v2017.2 (64-bit)
  **** SW Build 1909853 on Thu Jun 15 18:39:10 MDT 2017
  **** IP Build 1909766 on Thu Jun 15 19:58:00 MDT 2017
    ** Copyright 1986-2017 Xilinx, Inc. All Rights Reserved.

source system_rst_ps7_0_140M_1.tcl -notrace
Starting RTL Elaboration : Time (s): cpu = 00:00:05 ; elapsed = 00:00:05 . Memory (MB): peak = 1165.152 ; gain = 65.996 ; free physical = 1456 ; free virtual = 4357
INFO: [Synth 8-638] synthesizing module 'system_rst_ps7_0_140M_1' [/home/demian/UPM/ISPR/Labs/lab3_n/lab3_n.srcs/sources_1/bd/system/ip/system_rst_ps7_0_140M_1/synth/system_rst_ps7_0_140M_1.vhd:74]
INFO: [Synth 8-638] synthesizing module 'proc_sys_reset' [/home/demian/UPM/ISPR/Labs/lab3_n/lab3_n.srcs/sources_1/bd/system/ipshared/5db7/hdl/proc_sys_reset_v5_0_vh_rfs.vhd:1323]
INFO: [Synth 8-638] synthesizing module 'lpf' [/home/demian/UPM/ISPR/Labs/lab3_n/lab3_n.srcs/sources_1/bd/system/ipshared/5db7/hdl/proc_sys_reset_v5_0_vh_rfs.vhd:816]
INFO: [Synth 8-638] synthesizing module 'SRL16' [/opt/Xilinx/Vivado/2017.2/scripts/rt/data/unisim_comp.v:43657]
INFO: [Synth 8-256] done synthesizing module 'SRL16' (1#1) [/opt/Xilinx/Vivado/2017.2/scripts/rt/data/unisim_comp.v:43657]
INFO: [Synth 8-638] synthesizing module 'cdc_sync' [/home/demian/UPM/ISPR/Labs/lab3_n/lab3_n.srcs/sources_1/bd/system/ipshared/52cb/hdl/lib_cdc_v1_0_rfs.vhd:106]
INFO: [Synth 8-256] done synthesizing module 'cdc_sync' (2#1) [/home/demian/UPM/ISPR/Labs/lab3_n/lab3_n.srcs/sources_1/bd/system/ipshared/52cb/hdl/lib_cdc_v1_0_rfs.vhd:106]
INFO: [Synth 8-256] done synthesizing module 'lpf' (3#1) [/home/demian/UPM/ISPR/Labs/lab3_n/lab3_n.srcs/sources_1/bd/system/ipshared/5db7/hdl/proc_sys_reset_v5_0_vh_rfs.vhd:816]
INFO: [Synth 8-638] synthesizing module 'sequence_psr' [/home/demian/UPM/ISPR/Labs/lab3_n/lab3_n.srcs/sources_1/bd/system/ipshared/5db7/hdl/proc_sys_reset_v5_0_vh_rfs.vhd:301]
INFO: [Synth 8-638] synthesizing module 'upcnt_n' [/home/demian/UPM/ISPR/Labs/lab3_n/lab3_n.srcs/sources_1/bd/system/ipshared/5db7/hdl/proc_sys_reset_v5_0_vh_rfs.vhd:125]
INFO: [Synth 8-256] done synthesizing module 'upcnt_n' (4#1) [/home/demian/UPM/ISPR/Labs/lab3_n/lab3_n.srcs/sources_1/bd/system/ipshared/5db7/hdl/proc_sys_reset_v5_0_vh_rfs.vhd:125]
INFO: [Synth 8-256] done synthesizing module 'sequence_psr' (5#1) [/home/demian/UPM/ISPR/Labs/lab3_n/lab3_n.srcs/sources_1/bd/system/ipshared/5db7/hdl/proc_sys_reset_v5_0_vh_rfs.vhd:301]
INFO: [Synth 8-256] done synthesizing module 'proc_sys_reset' (6#1) [/home/demian/UPM/ISPR/Labs/lab3_n/lab3_n.srcs/sources_1/bd/system/ipshared/5db7/hdl/proc_sys_reset_v5_0_vh_rfs.vhd:1323]
INFO: [Synth 8-256] done synthesizing module 'system_rst_ps7_0_140M_1' (7#1) [/home/demian/UPM/ISPR/Labs/lab3_n/lab3_n.srcs/sources_1/bd/system/ip/system_rst_ps7_0_140M_1/synth/system_rst_ps7_0_140M_1.vhd:74]
Finished RTL Elaboration : Time (s): cpu = 00:00:06 ; elapsed = 00:00:06 . Memory (MB): peak = 1206.652 ; gain = 107.496 ; free physical = 1470 ; free virtual = 4371
Finished RTL Optimization Phase 1 : Time (s): cpu = 00:00:06 ; elapsed = 00:00:06 . Memory (MB): peak = 1206.652 ; gain = 107.496 ; free physical = 1470 ; free virtual = 4371
INFO: [Device 21-403] Loading part xc7z010clg400-1
Constraint Validation Runtime : Time (s): cpu = 00:00:00.02 ; elapsed = 00:00:00.03 . Memory (MB): peak = 1555.066 ; gain = 0.000 ; free physical = 1147 ; free virtual = 4048
Finished Constraint Validation : Time (s): cpu = 00:00:19 ; elapsed = 00:00:20 . Memory (MB): peak = 1555.066 ; gain = 455.910 ; free physical = 1313 ; free virtual = 4213
Finished Loading Part and Timing Information : Time (s): cpu = 00:00:19 ; elapsed = 00:00:20 . Memory (MB): peak = 1555.066 ; gain = 455.910 ; free physical = 1313 ; free virtual = 4213
Finished applying 'set_property' XDC Constraints : Time (s): cpu = 00:00:19 ; elapsed = 00:00:20 . Memory (MB): peak = 1555.066 ; gain = 455.910 ; free physical = 1312 ; free virtual = 4213
Finished RTL Optimization Phase 2 : Time (s): cpu = 00:00:19 ; elapsed = 00:00:20 . Memory (MB): peak = 1555.066 ; gain = 455.910 ; free physical = 1304 ; free virtual = 4205
Finished Cross Boundary and Area Optimization : Time (s): cpu = 00:00:20 ; elapsed = 00:00:20 . Memory (MB): peak = 1555.066 ; gain = 455.910 ; free physical = 1295 ; free virtual = 4196
Finished Applying XDC Timing Constraints : Time (s): cpu = 00:00:30 ; elapsed = 00:00:30 . Memory (MB): peak = 1555.066 ; gain = 455.910 ; free physical = 1165 ; free virtual = 4066
Finished Timing Optimization : Time (s): cpu = 00:00:30 ; elapsed = 00:00:30 . Memory (MB): peak = 1555.066 ; gain = 455.910 ; free physical = 1165 ; free virtual = 4066
Finished Technology Mapping : Time (s): cpu = 00:00:30 ; elapsed = 00:00:30 . Memory (MB): peak = 1555.066 ; gain = 455.910 ; free physical = 1164 ; free virtual = 4064
Finished IO Insertion : Time (s): cpu = 00:00:30 ; elapsed = 00:00:31 . Memory (MB): peak = 1555.066 ; gain = 455.910 ; free physical = 1164 ; free virtual = 4064
Finished Renaming Generated Instances : Time (s): cpu = 00:00:30 ; elapsed = 00:00:31 . Memory (MB): peak = 1555.066 ; gain = 455.910 ; free physical = 1164 ; free virtual = 4064
Finished Rebuilding User Hierarchy : Time (s): cpu = 00:00:30 ; elapsed = 00:00:31 . Memory (MB): peak = 1555.066 ; gain = 455.910 ; free physical = 1164 ; free virtual = 4064
Finished Renaming Generated Ports : Time (s): cpu = 00:00:30 ; elapsed = 00:00:31 . Memory (MB): peak = 1555.066 ; gain = 455.910 ; free physical = 1164 ; free virtual = 4064
Finished Handling Custom Attributes : Time (s): cpu = 00:00:30 ; elapsed = 00:00:31 . Memory (MB): peak = 1555.066 ; gain = 455.910 ; free physical = 1164 ; free virtual = 4064
Finished Renaming Generated Nets : Time (s): cpu = 00:00:30 ; elapsed = 00:00:31 . Memory (MB): peak = 1555.066 ; gain = 455.910 ; free physical = 1164 ; free virtual = 4064

Report Cell Usage: 
+------+------+------+
|      |Cell  |Count |
+------+------+------+
|1     |LUT1  |     5|
|2     |LUT2  |     9|
|3     |LUT3  |     1|
|4     |LUT4  |     6|
|5     |LUT5  |     3|
|6     |LUT6  |     1|
|7     |SRL16 |     1|
|8     |FDR   |     8|
|9     |FDRE  |    28|
|10    |FDSE  |     4|
+------+------+------+
Finished Writing Synthesis Report : Time (s): cpu = 00:00:30 ; elapsed = 00:00:31 . Memory (MB): peak = 1555.066 ; gain = 455.910 ; free physical = 1164 ; free virtual = 4064
synth_design: Time (s): cpu = 00:00:32 ; elapsed = 00:00:32 . Memory (MB): peak = 1555.074 ; gain = 468.504 ; free physical = 1191 ; free virtual = 4092
