Copyright 1986-2017 Xilinx, Inc. All Rights Reserved.
-----------------------------------------------------------------------------------------------------------------------------------
| Tool Version : Vivado v.2017.2 (win64) Build 1909853 Thu Jun 15 18:39:09 MDT 2017
| Date         : Wed Feb 21 17:14:58 2018
| Host         : pc-b043a-14 running 64-bit Service Pack 1  (build 7601)
| Command      : report_methodology -file system_wrapper_methodology_drc_routed.rpt -rpx system_wrapper_methodology_drc_routed.rpx
| Design       : system_wrapper
| Device       : xc7z010clg400-1
| Speed File   : -1
| Design State : Routed
-----------------------------------------------------------------------------------------------------------------------------------

Report Methodology

Table of Contents
-----------------
1. REPORT SUMMARY
2. REPORT DETAILS

1. REPORT SUMMARY
-----------------
            Netlist: netlist
          Floorplan: design_1
      Design limits: <entire design considered>
             Max violations: <unlimited>
             Violations found: 70
+-----------+----------+-------------------------------------------------+------------+
| Rule      | Severity | Description                                     | Violations |
+-----------+----------+-------------------------------------------------+------------+
| PDRC-190  | Warning  | Suboptimally placed synchronized register chain | 16         |
| TIMING-18 | Warning  | Missing input or output delay                   | 8          |
| XDCB-5    | Warning  | Runtime inefficient way to find pin objects     | 46         |
+-----------+----------+-------------------------------------------------+------------+

2. REPORT DETAILS
-----------------
PDRC-190#1 Warning
Suboptimally placed synchronized register chain  
The FDRE cell dbg_hub/inst/BSCANID.u_xsdbm_id/CORE_XSDB.UUT_MASTER/U_ICON_INTERFACE/U_CMD2/stat_reg_reg[0] in site SLICE_X6Y74 is part of a synchronized register chain that is suboptimally placed as the load FDRE cell dbg_hub/inst/BSCANID.u_xsdbm_id/CORE_XSDB.UUT_MASTER/U_ICON_INTERFACE/U_CMD2/stat_reg_1_reg[0] is not placed in the same (SLICE) site.
Related violations: <none>

PDRC-190#2 Warning
Suboptimally placed synchronized register chain  
The FDRE cell dbg_hub/inst/BSCANID.u_xsdbm_id/CORE_XSDB.UUT_MASTER/U_ICON_INTERFACE/U_CMD2/stat_reg_reg[1] in site SLICE_X7Y75 is part of a synchronized register chain that is suboptimally placed as the load FDRE cell dbg_hub/inst/BSCANID.u_xsdbm_id/CORE_XSDB.UUT_MASTER/U_ICON_INTERFACE/U_CMD2/stat_reg_1_reg[1] is not placed in the same (SLICE) site.
Related violations: <none>

PDRC-190#3 Warning
Suboptimally placed synchronized register chain  
The FDRE cell dbg_hub/inst/BSCANID.u_xsdbm_id/CORE_XSDB.UUT_MASTER/U_ICON_INTERFACE/U_CMD2/stat_reg_reg[2] in site SLICE_X5Y73 is part of a synchronized register chain that is suboptimally placed as the load FDRE cell dbg_hub/inst/BSCANID.u_xsdbm_id/CORE_XSDB.UUT_MASTER/U_ICON_INTERFACE/U_CMD2/stat_reg_1_reg[2] is not placed in the same (SLICE) site.
Related violations: <none>

PDRC-190#4 Warning
Suboptimally placed synchronized register chain  
The FDRE cell dbg_hub/inst/BSCANID.u_xsdbm_id/CORE_XSDB.UUT_MASTER/U_ICON_INTERFACE/U_CMD2/stat_reg_reg[3] in site SLICE_X7Y72 is part of a synchronized register chain that is suboptimally placed as the load FDRE cell dbg_hub/inst/BSCANID.u_xsdbm_id/CORE_XSDB.UUT_MASTER/U_ICON_INTERFACE/U_CMD2/stat_reg_1_reg[3] is not placed in the same (SLICE) site.
Related violations: <none>

PDRC-190#5 Warning
Suboptimally placed synchronized register chain  
The FDRE cell dbg_hub/inst/BSCANID.u_xsdbm_id/CORE_XSDB.UUT_MASTER/U_ICON_INTERFACE/U_CMD3/stat_reg_reg[0] in site SLICE_X11Y71 is part of a synchronized register chain that is suboptimally placed as the load FDRE cell dbg_hub/inst/BSCANID.u_xsdbm_id/CORE_XSDB.UUT_MASTER/U_ICON_INTERFACE/U_CMD3/stat_reg_1_reg[0] is not placed in the same (SLICE) site.
Related violations: <none>

PDRC-190#6 Warning
Suboptimally placed synchronized register chain  
The FDRE cell dbg_hub/inst/BSCANID.u_xsdbm_id/CORE_XSDB.UUT_MASTER/U_ICON_INTERFACE/U_CMD3/stat_reg_reg[1] in site SLICE_X10Y72 is part of a synchronized register chain that is suboptimally placed as the load FDRE cell dbg_hub/inst/BSCANID.u_xsdbm_id/CORE_XSDB.UUT_MASTER/U_ICON_INTERFACE/U_CMD3/stat_reg_1_reg[1] is not placed in the same (SLICE) site.
Related violations: <none>

PDRC-190#7 Warning
Suboptimally placed synchronized register chain  
The FDRE cell dbg_hub/inst/BSCANID.u_xsdbm_id/CORE_XSDB.UUT_MASTER/U_ICON_INTERFACE/U_CMD3/stat_reg_reg[2] in site SLICE_X9Y71 is part of a synchronized register chain that is suboptimally placed as the load FDRE cell dbg_hub/inst/BSCANID.u_xsdbm_id/CORE_XSDB.UUT_MASTER/U_ICON_INTERFACE/U_CMD3/stat_reg_1_reg[2] is not placed in the same (SLICE) site.
Related violations: <none>

PDRC-190#8 Warning
Suboptimally placed synchronized register chain  
The FDRE cell dbg_hub/inst/BSCANID.u_xsdbm_id/CORE_XSDB.UUT_MASTER/U_ICON_INTERFACE/U_CMD3/stat_reg_reg[3] in site SLICE_X10Y70 is part of a synchronized register chain that is suboptimally placed as the load FDRE cell dbg_hub/inst/BSCANID.u_xsdbm_id/CORE_XSDB.UUT_MASTER/U_ICON_INTERFACE/U_CMD3/stat_reg_1_reg[3] is not placed in the same (SLICE) site.
Related violations: <none>

PDRC-190#9 Warning
Suboptimally placed synchronized register chain  
The FDRE cell dbg_hub/inst/BSCANID.u_xsdbm_id/CORE_XSDB.UUT_MASTER/U_ICON_INTERFACE/U_CMD3/stat_reg_reg[4] in site SLICE_X8Y70 is part of a synchronized register chain that is suboptimally placed as the load FDRE cell dbg_hub/inst/BSCANID.u_xsdbm_id/CORE_XSDB.UUT_MASTER/U_ICON_INTERFACE/U_CMD3/stat_reg_1_reg[4] is not placed in the same (SLICE) site.
Related violations: <none>

PDRC-190#10 Warning
Suboptimally placed synchronized register chain  
The FDRE cell dbg_hub/inst/BSCANID.u_xsdbm_id/CORE_XSDB.UUT_MASTER/U_ICON_INTERFACE/U_CMD4/shift_reg_in_reg[12] in site SLICE_X11Y75 is part of a synchronized register chain that is suboptimally placed as the load FDRE cell dbg_hub/inst/BSCANID.u_xsdbm_id/CORE_XSDB.UUT_MASTER/U_ICON_INTERFACE/U_CMD4/shift_reg_in_reg[11] is not placed in the same (SLICE) site.
Related violations: <none>

PDRC-190#11 Warning
Suboptimally placed synchronized register chain  
The FDRE cell dbg_hub/inst/BSCANID.u_xsdbm_id/CORE_XSDB.UUT_MASTER/U_ICON_INTERFACE/U_CMD4/shift_reg_in_reg[20] in site SLICE_X11Y74 is part of a synchronized register chain that is suboptimally placed as the load FDRE cell dbg_hub/inst/BSCANID.u_xsdbm_id/CORE_XSDB.UUT_MASTER/U_ICON_INTERFACE/U_CMD4/shift_reg_in_reg[19] is not placed in the same (SLICE) site.
Related violations: <none>

PDRC-190#12 Warning
Suboptimally placed synchronized register chain  
The FDRE cell dbg_hub/inst/BSCANID.u_xsdbm_id/CORE_XSDB.UUT_MASTER/U_ICON_INTERFACE/U_CMD4/shift_reg_in_reg[4] in site SLICE_X11Y76 is part of a synchronized register chain that is suboptimally placed as the load FDRE cell dbg_hub/inst/BSCANID.u_xsdbm_id/CORE_XSDB.UUT_MASTER/U_ICON_INTERFACE/U_CMD4/shift_reg_in_reg[3] is not placed in the same (SLICE) site.
Related violations: <none>

PDRC-190#13 Warning
Suboptimally placed synchronized register chain  
The FDRE cell dbg_hub/inst/BSCANID.u_xsdbm_id/CORE_XSDB.UUT_MASTER/U_ICON_INTERFACE/U_CMD5/shift_reg_in_reg[10] in site SLICE_X12Y69 is part of a synchronized register chain that is suboptimally placed as the load FDRE cell dbg_hub/inst/BSCANID.u_xsdbm_id/CORE_XSDB.UUT_MASTER/U_ICON_INTERFACE/U_CMD5/shift_reg_in_reg[9] is not placed in the same (SLICE) site.
Related violations: <none>

PDRC-190#14 Warning
Suboptimally placed synchronized register chain  
The FDRE cell dbg_hub/inst/BSCANID.u_xsdbm_id/CORE_XSDB.UUT_MASTER/U_ICON_INTERFACE/U_CMD5/shift_reg_in_reg[2] in site SLICE_X12Y70 is part of a synchronized register chain that is suboptimally placed as the load FDRE cell dbg_hub/inst/BSCANID.u_xsdbm_id/CORE_XSDB.UUT_MASTER/U_ICON_INTERFACE/U_CMD5/shift_reg_in_reg[1] is not placed in the same (SLICE) site.
Related violations: <none>

PDRC-190#15 Warning
Suboptimally placed synchronized register chain  
The FDRE cell dbg_hub/inst/BSCANID.u_xsdbm_id/CORE_XSDB.UUT_MASTER/U_ICON_INTERFACE/U_CMD7_CTL/shift_reg_in_reg[0] in site SLICE_X22Y67 is part of a synchronized register chain that is suboptimally placed as the load FDRE cell dbg_hub/inst/BSCANID.u_xsdbm_id/CORE_XSDB.UUT_MASTER/U_ICON_INTERFACE/U_CMD7_STAT/stat_reg_reg[0] is not placed in the same (SLICE) site.
Related violations: <none>

PDRC-190#16 Warning
Suboptimally placed synchronized register chain  
The FDRE cell dbg_hub/inst/BSCANID.u_xsdbm_id/CORE_XSDB.UUT_MASTER/U_ICON_INTERFACE/U_CMD7_STAT/stat_reg_reg[0] in site SLICE_X22Y68 is part of a synchronized register chain that is suboptimally placed as the load FDRE cell dbg_hub/inst/BSCANID.u_xsdbm_id/CORE_XSDB.UUT_MASTER/U_ICON_INTERFACE/U_CMD7_STAT/stat_reg_1_reg[0] is not placed in the same (SLICE) site.
Related violations: <none>

TIMING-18#1 Warning
Missing input or output delay  
An input delay is missing on sws_4bits_tri_i[0] relative to clock(s) clk_fpga_0 
Related violations: <none>

TIMING-18#2 Warning
Missing input or output delay  
An input delay is missing on sws_4bits_tri_i[1] relative to clock(s) clk_fpga_0 
Related violations: <none>

TIMING-18#3 Warning
Missing input or output delay  
An input delay is missing on sws_4bits_tri_i[2] relative to clock(s) clk_fpga_0 
Related violations: <none>

TIMING-18#4 Warning
Missing input or output delay  
An input delay is missing on sws_4bits_tri_i[3] relative to clock(s) clk_fpga_0 
Related violations: <none>

TIMING-18#5 Warning
Missing input or output delay  
An output delay is missing on leds[0] relative to clock(s) clk_fpga_0 
Related violations: <none>

TIMING-18#6 Warning
Missing input or output delay  
An output delay is missing on leds[1] relative to clock(s) clk_fpga_0 
Related violations: <none>

TIMING-18#7 Warning
Missing input or output delay  
An output delay is missing on leds[2] relative to clock(s) clk_fpga_0 
Related violations: <none>

TIMING-18#8 Warning
Missing input or output delay  
An output delay is missing on leds[3] relative to clock(s) clk_fpga_0 
Related violations: <none>

XDCB-5#1 Warning
Runtime inefficient way to find pin objects  
The option '-from : [get_pins -hierarchical -filter { NAME =~  "*ila_core_inst/u_ila_cap_ctrl/U_CDONE/I_YESLUT6.U_SRL32_*/CLK*" }]' of constraint 'set_false_path' uses inefficient query to find pin objects (see constraint position '120' in the Timing Constraint window in Vivado IDE). To reduce runtime, it is recommended to get the pins through the cell objects. Please refer to Using Constraints Guide (Constraints Efficiency). An example of optimal query is: get_pins -filter {REF_PIN_NAME=~yy*} -of_objects [get_cells -hierarchical xx*].
Current XDC: c:/Users/fpga/FPGA/lab2/lab2.srcs/sources_1/bd/system/ip/system_system_ila_0_1/bd_0/ip/ip_0/ila_v6_2/constraints/ila.xdc (Line: 80)
Related violations: <none>

XDCB-5#2 Warning
Runtime inefficient way to find pin objects  
The option '-from : [get_pins -hierarchical -filter { NAME =~  "*ila_core_inst/u_ila_cap_ctrl/U_CDONE/I_YESLUT6.U_SRL32_*/CLK*" }]' of constraint 'set_false_path' uses inefficient query to find pin objects (see constraint position '55' in the Timing Constraint window in Vivado IDE). To reduce runtime, it is recommended to get the pins through the cell objects. Please refer to Using Constraints Guide (Constraints Efficiency). An example of optimal query is: get_pins -filter {REF_PIN_NAME=~yy*} -of_objects [get_cells -hierarchical xx*].
Current XDC: c:/Users/fpga/FPGA/lab2/lab2.srcs/sources_1/bd/system/ip/system_ila_0_0/ila_v6_2/constraints/ila.xdc (Line: 80)
Related violations: <none>

XDCB-5#3 Warning
Runtime inefficient way to find pin objects  
The option '-from : [get_pins -hierarchical -filter { NAME =~  "*ila_core_inst/u_ila_cap_ctrl/U_NS0/I_YESLUT6.U_SRL32_*/CLK*" }]' of constraint 'set_false_path' uses inefficient query to find pin objects (see constraint position '121' in the Timing Constraint window in Vivado IDE). To reduce runtime, it is recommended to get the pins through the cell objects. Please refer to Using Constraints Guide (Constraints Efficiency). An example of optimal query is: get_pins -filter {REF_PIN_NAME=~yy*} -of_objects [get_cells -hierarchical xx*].
Current XDC: c:/Users/fpga/FPGA/lab2/lab2.srcs/sources_1/bd/system/ip/system_system_ila_0_1/bd_0/ip/ip_0/ila_v6_2/constraints/ila.xdc (Line: 81)
Related violations: <none>

XDCB-5#4 Warning
Runtime inefficient way to find pin objects  
The option '-from : [get_pins -hierarchical -filter { NAME =~  "*ila_core_inst/u_ila_cap_ctrl/U_NS0/I_YESLUT6.U_SRL32_*/CLK*" }]' of constraint 'set_false_path' uses inefficient query to find pin objects (see constraint position '56' in the Timing Constraint window in Vivado IDE). To reduce runtime, it is recommended to get the pins through the cell objects. Please refer to Using Constraints Guide (Constraints Efficiency). An example of optimal query is: get_pins -filter {REF_PIN_NAME=~yy*} -of_objects [get_cells -hierarchical xx*].
Current XDC: c:/Users/fpga/FPGA/lab2/lab2.srcs/sources_1/bd/system/ip/system_ila_0_0/ila_v6_2/constraints/ila.xdc (Line: 81)
Related violations: <none>

XDCB-5#5 Warning
Runtime inefficient way to find pin objects  
The option '-from : [get_pins -hierarchical -filter { NAME =~  "*ila_core_inst/u_ila_cap_ctrl/U_NS1/I_YESLUT6.U_SRL32_*/CLK*" }]' of constraint 'set_false_path' uses inefficient query to find pin objects (see constraint position '122' in the Timing Constraint window in Vivado IDE). To reduce runtime, it is recommended to get the pins through the cell objects. Please refer to Using Constraints Guide (Constraints Efficiency). An example of optimal query is: get_pins -filter {REF_PIN_NAME=~yy*} -of_objects [get_cells -hierarchical xx*].
Current XDC: c:/Users/fpga/FPGA/lab2/lab2.srcs/sources_1/bd/system/ip/system_system_ila_0_1/bd_0/ip/ip_0/ila_v6_2/constraints/ila.xdc (Line: 82)
Related violations: <none>

XDCB-5#6 Warning
Runtime inefficient way to find pin objects  
The option '-from : [get_pins -hierarchical -filter { NAME =~  "*ila_core_inst/u_ila_cap_ctrl/U_NS1/I_YESLUT6.U_SRL32_*/CLK*" }]' of constraint 'set_false_path' uses inefficient query to find pin objects (see constraint position '57' in the Timing Constraint window in Vivado IDE). To reduce runtime, it is recommended to get the pins through the cell objects. Please refer to Using Constraints Guide (Constraints Efficiency). An example of optimal query is: get_pins -filter {REF_PIN_NAME=~yy*} -of_objects [get_cells -hierarchical xx*].
Current XDC: c:/Users/fpga/FPGA/lab2/lab2.srcs/sources_1/bd/system/ip/system_ila_0_0/ila_v6_2/constraints/ila.xdc (Line: 82)
Related violations: <none>

XDCB-5#7 Warning
Runtime inefficient way to find pin objects  
The option '-from : [get_pins -hierarchical -filter { NAME =~  "*ila_core_inst/u_ila_cap_ctrl/u_cap_addrgen/U_CMPRESET/I_YESLUT6.U_SRL32_*/CLK*" }]' of constraint 'set_false_path' uses inefficient query to find pin objects (see constraint position '107' in the Timing Constraint window in Vivado IDE). To reduce runtime, it is recommended to get the pins through the cell objects. Please refer to Using Constraints Guide (Constraints Efficiency). An example of optimal query is: get_pins -filter {REF_PIN_NAME=~yy*} -of_objects [get_cells -hierarchical xx*].
Current XDC: c:/Users/fpga/FPGA/lab2/lab2.srcs/sources_1/bd/system/ip/system_system_ila_0_1/bd_0/ip/ip_0/ila_v6_2/constraints/ila.xdc (Line: 63)
Related violations: <none>

XDCB-5#8 Warning
Runtime inefficient way to find pin objects  
The option '-from : [get_pins -hierarchical -filter { NAME =~  "*ila_core_inst/u_ila_cap_ctrl/u_cap_addrgen/U_CMPRESET/I_YESLUT6.U_SRL32_*/CLK*" }]' of constraint 'set_false_path' uses inefficient query to find pin objects (see constraint position '114' in the Timing Constraint window in Vivado IDE). To reduce runtime, it is recommended to get the pins through the cell objects. Please refer to Using Constraints Guide (Constraints Efficiency). An example of optimal query is: get_pins -filter {REF_PIN_NAME=~yy*} -of_objects [get_cells -hierarchical xx*].
Current XDC: c:/Users/fpga/FPGA/lab2/lab2.srcs/sources_1/bd/system/ip/system_system_ila_0_1/bd_0/ip/ip_0/ila_v6_2/constraints/ila.xdc (Line: 74)
Related violations: <none>

XDCB-5#9 Warning
Runtime inefficient way to find pin objects  
The option '-from : [get_pins -hierarchical -filter { NAME =~  "*ila_core_inst/u_ila_cap_ctrl/u_cap_addrgen/U_CMPRESET/I_YESLUT6.U_SRL32_*/CLK*" }]' of constraint 'set_false_path' uses inefficient query to find pin objects (see constraint position '115' in the Timing Constraint window in Vivado IDE). To reduce runtime, it is recommended to get the pins through the cell objects. Please refer to Using Constraints Guide (Constraints Efficiency). An example of optimal query is: get_pins -filter {REF_PIN_NAME=~yy*} -of_objects [get_cells -hierarchical xx*].
Current XDC: c:/Users/fpga/FPGA/lab2/lab2.srcs/sources_1/bd/system/ip/system_system_ila_0_1/bd_0/ip/ip_0/ila_v6_2/constraints/ila.xdc (Line: 75)
Related violations: <none>

XDCB-5#10 Warning
Runtime inefficient way to find pin objects  
The option '-from : [get_pins -hierarchical -filter { NAME =~  "*ila_core_inst/u_ila_cap_ctrl/u_cap_addrgen/U_CMPRESET/I_YESLUT6.U_SRL32_*/CLK*" }]' of constraint 'set_false_path' uses inefficient query to find pin objects (see constraint position '42' in the Timing Constraint window in Vivado IDE). To reduce runtime, it is recommended to get the pins through the cell objects. Please refer to Using Constraints Guide (Constraints Efficiency). An example of optimal query is: get_pins -filter {REF_PIN_NAME=~yy*} -of_objects [get_cells -hierarchical xx*].
Current XDC: c:/Users/fpga/FPGA/lab2/lab2.srcs/sources_1/bd/system/ip/system_ila_0_0/ila_v6_2/constraints/ila.xdc (Line: 63)
Related violations: <none>

XDCB-5#11 Warning
Runtime inefficient way to find pin objects  
The option '-from : [get_pins -hierarchical -filter { NAME =~  "*ila_core_inst/u_ila_cap_ctrl/u_cap_addrgen/U_CMPRESET/I_YESLUT6.U_SRL32_*/CLK*" }]' of constraint 'set_false_path' uses inefficient query to find pin objects (see constraint position '49' in the Timing Constraint window in Vivado IDE). To reduce runtime, it is recommended to get the pins through the cell objects. Please refer to Using Constraints Guide (Constraints Efficiency). An example of optimal query is: get_pins -filter {REF_PIN_NAME=~yy*} -of_objects [get_cells -hierarchical xx*].
Current XDC: c:/Users/fpga/FPGA/lab2/lab2.srcs/sources_1/bd/system/ip/system_ila_0_0/ila_v6_2/constraints/ila.xdc (Line: 74)
Related violations: <none>

XDCB-5#12 Warning
Runtime inefficient way to find pin objects  
The option '-from : [get_pins -hierarchical -filter { NAME =~  "*ila_core_inst/u_ila_cap_ctrl/u_cap_addrgen/U_CMPRESET/I_YESLUT6.U_SRL32_*/CLK*" }]' of constraint 'set_false_path' uses inefficient query to find pin objects (see constraint position '50' in the Timing Constraint window in Vivado IDE). To reduce runtime, it is recommended to get the pins through the cell objects. Please refer to Using Constraints Guide (Constraints Efficiency). An example of optimal query is: get_pins -filter {REF_PIN_NAME=~yy*} -of_objects [get_cells -hierarchical xx*].
Current XDC: c:/Users/fpga/FPGA/lab2/lab2.srcs/sources_1/bd/system/ip/system_ila_0_0/ila_v6_2/constraints/ila.xdc (Line: 75)
Related violations: <none>

XDCB-5#13 Warning
Runtime inefficient way to find pin objects  
The option '-from : [get_pins -hierarchical -filter { NAME =~  "*ila_core_inst/u_ila_cap_ctrl/u_cap_addrgen/u_cap_sample_counter/U_SCE/I_YESLUT6.U_SRLC16E/CLK*" }]' of constraint 'set_false_path' uses inefficient query to find pin objects (see constraint position '116' in the Timing Constraint window in Vivado IDE). To reduce runtime, it is recommended to get the pins through the cell objects. Please refer to Using Constraints Guide (Constraints Efficiency). An example of optimal query is: get_pins -filter {REF_PIN_NAME=~yy*} -of_objects [get_cells -hierarchical xx*].
Current XDC: c:/Users/fpga/FPGA/lab2/lab2.srcs/sources_1/bd/system/ip/system_system_ila_0_1/bd_0/ip/ip_0/ila_v6_2/constraints/ila.xdc (Line: 76)
Related violations: <none>

XDCB-5#14 Warning
Runtime inefficient way to find pin objects  
The option '-from : [get_pins -hierarchical -filter { NAME =~  "*ila_core_inst/u_ila_cap_ctrl/u_cap_addrgen/u_cap_sample_counter/U_SCE/I_YESLUT6.U_SRLC16E/CLK*" }]' of constraint 'set_false_path' uses inefficient query to find pin objects (see constraint position '117' in the Timing Constraint window in Vivado IDE). To reduce runtime, it is recommended to get the pins through the cell objects. Please refer to Using Constraints Guide (Constraints Efficiency). An example of optimal query is: get_pins -filter {REF_PIN_NAME=~yy*} -of_objects [get_cells -hierarchical xx*].
Current XDC: c:/Users/fpga/FPGA/lab2/lab2.srcs/sources_1/bd/system/ip/system_system_ila_0_1/bd_0/ip/ip_0/ila_v6_2/constraints/ila.xdc (Line: 77)
Related violations: <none>

XDCB-5#15 Warning
Runtime inefficient way to find pin objects  
The option '-from : [get_pins -hierarchical -filter { NAME =~  "*ila_core_inst/u_ila_cap_ctrl/u_cap_addrgen/u_cap_sample_counter/U_SCE/I_YESLUT6.U_SRLC16E/CLK*" }]' of constraint 'set_false_path' uses inefficient query to find pin objects (see constraint position '51' in the Timing Constraint window in Vivado IDE). To reduce runtime, it is recommended to get the pins through the cell objects. Please refer to Using Constraints Guide (Constraints Efficiency). An example of optimal query is: get_pins -filter {REF_PIN_NAME=~yy*} -of_objects [get_cells -hierarchical xx*].
Current XDC: c:/Users/fpga/FPGA/lab2/lab2.srcs/sources_1/bd/system/ip/system_ila_0_0/ila_v6_2/constraints/ila.xdc (Line: 76)
Related violations: <none>

XDCB-5#16 Warning
Runtime inefficient way to find pin objects  
The option '-from : [get_pins -hierarchical -filter { NAME =~  "*ila_core_inst/u_ila_cap_ctrl/u_cap_addrgen/u_cap_sample_counter/U_SCE/I_YESLUT6.U_SRLC16E/CLK*" }]' of constraint 'set_false_path' uses inefficient query to find pin objects (see constraint position '52' in the Timing Constraint window in Vivado IDE). To reduce runtime, it is recommended to get the pins through the cell objects. Please refer to Using Constraints Guide (Constraints Efficiency). An example of optimal query is: get_pins -filter {REF_PIN_NAME=~yy*} -of_objects [get_cells -hierarchical xx*].
Current XDC: c:/Users/fpga/FPGA/lab2/lab2.srcs/sources_1/bd/system/ip/system_ila_0_0/ila_v6_2/constraints/ila.xdc (Line: 77)
Related violations: <none>

XDCB-5#17 Warning
Runtime inefficient way to find pin objects  
The option '-from : [get_pins -hierarchical -filter { NAME =~  "*ila_core_inst/u_ila_cap_ctrl/u_cap_addrgen/u_cap_sample_counter/U_SCMPCE/I_YESLUT6.U_SRL32/CLK*"}]' of constraint 'set_false_path' uses inefficient query to find pin objects (see constraint position '104' in the Timing Constraint window in Vivado IDE). To reduce runtime, it is recommended to get the pins through the cell objects. Please refer to Using Constraints Guide (Constraints Efficiency). An example of optimal query is: get_pins -filter {REF_PIN_NAME=~yy*} -of_objects [get_cells -hierarchical xx*].
Current XDC: c:/Users/fpga/FPGA/lab2/lab2.srcs/sources_1/bd/system/ip/system_system_ila_0_1/bd_0/ip/ip_0/ila_v6_2/constraints/ila.xdc (Line: 60)
Related violations: <none>

XDCB-5#18 Warning
Runtime inefficient way to find pin objects  
The option '-from : [get_pins -hierarchical -filter { NAME =~  "*ila_core_inst/u_ila_cap_ctrl/u_cap_addrgen/u_cap_sample_counter/U_SCMPCE/I_YESLUT6.U_SRL32/CLK*"}]' of constraint 'set_false_path' uses inefficient query to find pin objects (see constraint position '39' in the Timing Constraint window in Vivado IDE). To reduce runtime, it is recommended to get the pins through the cell objects. Please refer to Using Constraints Guide (Constraints Efficiency). An example of optimal query is: get_pins -filter {REF_PIN_NAME=~yy*} -of_objects [get_cells -hierarchical xx*].
Current XDC: c:/Users/fpga/FPGA/lab2/lab2.srcs/sources_1/bd/system/ip/system_ila_0_0/ila_v6_2/constraints/ila.xdc (Line: 60)
Related violations: <none>

XDCB-5#19 Warning
Runtime inefficient way to find pin objects  
The option '-from : [get_pins -hierarchical -filter { NAME =~  "*ila_core_inst/u_ila_cap_ctrl/u_cap_addrgen/u_cap_sample_counter/U_SCRST/I_YESLUT6.U_SRL32_*/CLK*" }]' of constraint 'set_false_path' uses inefficient query to find pin objects (see constraint position '118' in the Timing Constraint window in Vivado IDE). To reduce runtime, it is recommended to get the pins through the cell objects. Please refer to Using Constraints Guide (Constraints Efficiency). An example of optimal query is: get_pins -filter {REF_PIN_NAME=~yy*} -of_objects [get_cells -hierarchical xx*].
Current XDC: c:/Users/fpga/FPGA/lab2/lab2.srcs/sources_1/bd/system/ip/system_system_ila_0_1/bd_0/ip/ip_0/ila_v6_2/constraints/ila.xdc (Line: 78)
Related violations: <none>

XDCB-5#20 Warning
Runtime inefficient way to find pin objects  
The option '-from : [get_pins -hierarchical -filter { NAME =~  "*ila_core_inst/u_ila_cap_ctrl/u_cap_addrgen/u_cap_sample_counter/U_SCRST/I_YESLUT6.U_SRL32_*/CLK*" }]' of constraint 'set_false_path' uses inefficient query to find pin objects (see constraint position '53' in the Timing Constraint window in Vivado IDE). To reduce runtime, it is recommended to get the pins through the cell objects. Please refer to Using Constraints Guide (Constraints Efficiency). An example of optimal query is: get_pins -filter {REF_PIN_NAME=~yy*} -of_objects [get_cells -hierarchical xx*].
Current XDC: c:/Users/fpga/FPGA/lab2/lab2.srcs/sources_1/bd/system/ip/system_ila_0_0/ila_v6_2/constraints/ila.xdc (Line: 78)
Related violations: <none>

XDCB-5#21 Warning
Runtime inefficient way to find pin objects  
The option '-from : [get_pins -hierarchical -filter { NAME =~  "*ila_core_inst/u_ila_cap_ctrl/u_cap_addrgen/u_cap_sample_counter/u_scnt_cmp/allx_typeA_match_detection.ltlib_v1_0_0_allx_typeA_inst/DUT/I_WHOLE_SLICE.G_SLICE_IDX[*].U_ALL_SRL_SLICE/u_srl*/S*/CLK*"}]' of constraint 'set_false_path' uses inefficient query to find pin objects (see constraint position '106' in the Timing Constraint window in Vivado IDE). To reduce runtime, it is recommended to get the pins through the cell objects. Please refer to Using Constraints Guide (Constraints Efficiency). An example of optimal query is: get_pins -filter {REF_PIN_NAME=~yy*} -of_objects [get_cells -hierarchical xx*].
Current XDC: c:/Users/fpga/FPGA/lab2/lab2.srcs/sources_1/bd/system/ip/system_system_ila_0_1/bd_0/ip/ip_0/ila_v6_2/constraints/ila.xdc (Line: 62)
Related violations: <none>

XDCB-5#22 Warning
Runtime inefficient way to find pin objects  
The option '-from : [get_pins -hierarchical -filter { NAME =~  "*ila_core_inst/u_ila_cap_ctrl/u_cap_addrgen/u_cap_sample_counter/u_scnt_cmp/allx_typeA_match_detection.ltlib_v1_0_0_allx_typeA_inst/DUT/I_WHOLE_SLICE.G_SLICE_IDX[*].U_ALL_SRL_SLICE/u_srl*/S*/CLK*"}]' of constraint 'set_false_path' uses inefficient query to find pin objects (see constraint position '41' in the Timing Constraint window in Vivado IDE). To reduce runtime, it is recommended to get the pins through the cell objects. Please refer to Using Constraints Guide (Constraints Efficiency). An example of optimal query is: get_pins -filter {REF_PIN_NAME=~yy*} -of_objects [get_cells -hierarchical xx*].
Current XDC: c:/Users/fpga/FPGA/lab2/lab2.srcs/sources_1/bd/system/ip/system_ila_0_0/ila_v6_2/constraints/ila.xdc (Line: 62)
Related violations: <none>

XDCB-5#23 Warning
Runtime inefficient way to find pin objects  
The option '-from : [get_pins -hierarchical -filter { NAME =~  "*ila_core_inst/u_ila_cap_ctrl/u_cap_addrgen/u_cap_sample_counter/u_scnt_cmp/allx_typeA_match_detection.ltlib_v1_0_0_allx_typeA_inst/DUT/u_srl_drive/CLK*"}]' of constraint 'set_false_path' uses inefficient query to find pin objects (see constraint position '105' in the Timing Constraint window in Vivado IDE). To reduce runtime, it is recommended to get the pins through the cell objects. Please refer to Using Constraints Guide (Constraints Efficiency). An example of optimal query is: get_pins -filter {REF_PIN_NAME=~yy*} -of_objects [get_cells -hierarchical xx*].
Current XDC: c:/Users/fpga/FPGA/lab2/lab2.srcs/sources_1/bd/system/ip/system_system_ila_0_1/bd_0/ip/ip_0/ila_v6_2/constraints/ila.xdc (Line: 61)
Related violations: <none>

XDCB-5#24 Warning
Runtime inefficient way to find pin objects  
The option '-from : [get_pins -hierarchical -filter { NAME =~  "*ila_core_inst/u_ila_cap_ctrl/u_cap_addrgen/u_cap_sample_counter/u_scnt_cmp/allx_typeA_match_detection.ltlib_v1_0_0_allx_typeA_inst/DUT/u_srl_drive/CLK*"}]' of constraint 'set_false_path' uses inefficient query to find pin objects (see constraint position '40' in the Timing Constraint window in Vivado IDE). To reduce runtime, it is recommended to get the pins through the cell objects. Please refer to Using Constraints Guide (Constraints Efficiency). An example of optimal query is: get_pins -filter {REF_PIN_NAME=~yy*} -of_objects [get_cells -hierarchical xx*].
Current XDC: c:/Users/fpga/FPGA/lab2/lab2.srcs/sources_1/bd/system/ip/system_ila_0_0/ila_v6_2/constraints/ila.xdc (Line: 61)
Related violations: <none>

XDCB-5#25 Warning
Runtime inefficient way to find pin objects  
The option '-from : [get_pins -hierarchical -filter { NAME =~  "*ila_core_inst/u_ila_cap_ctrl/u_cap_addrgen/u_cap_window_counter/U_WCE/I_YESLUT6.U_SRLC16E/CLK*" }]' of constraint 'set_false_path' uses inefficient query to find pin objects (see constraint position '119' in the Timing Constraint window in Vivado IDE). To reduce runtime, it is recommended to get the pins through the cell objects. Please refer to Using Constraints Guide (Constraints Efficiency). An example of optimal query is: get_pins -filter {REF_PIN_NAME=~yy*} -of_objects [get_cells -hierarchical xx*].
Current XDC: c:/Users/fpga/FPGA/lab2/lab2.srcs/sources_1/bd/system/ip/system_system_ila_0_1/bd_0/ip/ip_0/ila_v6_2/constraints/ila.xdc (Line: 79)
Related violations: <none>

XDCB-5#26 Warning
Runtime inefficient way to find pin objects  
The option '-from : [get_pins -hierarchical -filter { NAME =~  "*ila_core_inst/u_ila_cap_ctrl/u_cap_addrgen/u_cap_window_counter/U_WCE/I_YESLUT6.U_SRLC16E/CLK*" }]' of constraint 'set_false_path' uses inefficient query to find pin objects (see constraint position '54' in the Timing Constraint window in Vivado IDE). To reduce runtime, it is recommended to get the pins through the cell objects. Please refer to Using Constraints Guide (Constraints Efficiency). An example of optimal query is: get_pins -filter {REF_PIN_NAME=~yy*} -of_objects [get_cells -hierarchical xx*].
Current XDC: c:/Users/fpga/FPGA/lab2/lab2.srcs/sources_1/bd/system/ip/system_ila_0_0/ila_v6_2/constraints/ila.xdc (Line: 79)
Related violations: <none>

XDCB-5#27 Warning
Runtime inefficient way to find pin objects  
The option '-from : [get_pins -hierarchical -filter { NAME =~  "*ila_core_inst/u_ila_cap_ctrl/u_cap_addrgen/u_cap_window_counter/U_WHCMPCE/I_YESLUT6.U_SRL32/CLK*"}]' of constraint 'set_false_path' uses inefficient query to find pin objects (see constraint position '112' in the Timing Constraint window in Vivado IDE). To reduce runtime, it is recommended to get the pins through the cell objects. Please refer to Using Constraints Guide (Constraints Efficiency). An example of optimal query is: get_pins -filter {REF_PIN_NAME=~yy*} -of_objects [get_cells -hierarchical xx*].
Current XDC: c:/Users/fpga/FPGA/lab2/lab2.srcs/sources_1/bd/system/ip/system_system_ila_0_1/bd_0/ip/ip_0/ila_v6_2/constraints/ila.xdc (Line: 72)
Related violations: <none>

XDCB-5#28 Warning
Runtime inefficient way to find pin objects  
The option '-from : [get_pins -hierarchical -filter { NAME =~  "*ila_core_inst/u_ila_cap_ctrl/u_cap_addrgen/u_cap_window_counter/U_WHCMPCE/I_YESLUT6.U_SRL32/CLK*"}]' of constraint 'set_false_path' uses inefficient query to find pin objects (see constraint position '47' in the Timing Constraint window in Vivado IDE). To reduce runtime, it is recommended to get the pins through the cell objects. Please refer to Using Constraints Guide (Constraints Efficiency). An example of optimal query is: get_pins -filter {REF_PIN_NAME=~yy*} -of_objects [get_cells -hierarchical xx*].
Current XDC: c:/Users/fpga/FPGA/lab2/lab2.srcs/sources_1/bd/system/ip/system_ila_0_0/ila_v6_2/constraints/ila.xdc (Line: 72)
Related violations: <none>

XDCB-5#29 Warning
Runtime inefficient way to find pin objects  
The option '-from : [get_pins -hierarchical -filter { NAME =~  "*ila_core_inst/u_ila_cap_ctrl/u_cap_addrgen/u_cap_window_counter/U_WLCMPCE/I_YESLUT6.U_SRL32/CLK*"}]' of constraint 'set_false_path' uses inefficient query to find pin objects (see constraint position '113' in the Timing Constraint window in Vivado IDE). To reduce runtime, it is recommended to get the pins through the cell objects. Please refer to Using Constraints Guide (Constraints Efficiency). An example of optimal query is: get_pins -filter {REF_PIN_NAME=~yy*} -of_objects [get_cells -hierarchical xx*].
Current XDC: c:/Users/fpga/FPGA/lab2/lab2.srcs/sources_1/bd/system/ip/system_system_ila_0_1/bd_0/ip/ip_0/ila_v6_2/constraints/ila.xdc (Line: 73)
Related violations: <none>

XDCB-5#30 Warning
Runtime inefficient way to find pin objects  
The option '-from : [get_pins -hierarchical -filter { NAME =~  "*ila_core_inst/u_ila_cap_ctrl/u_cap_addrgen/u_cap_window_counter/U_WLCMPCE/I_YESLUT6.U_SRL32/CLK*"}]' of constraint 'set_false_path' uses inefficient query to find pin objects (see constraint position '48' in the Timing Constraint window in Vivado IDE). To reduce runtime, it is recommended to get the pins through the cell objects. Please refer to Using Constraints Guide (Constraints Efficiency). An example of optimal query is: get_pins -filter {REF_PIN_NAME=~yy*} -of_objects [get_cells -hierarchical xx*].
Current XDC: c:/Users/fpga/FPGA/lab2/lab2.srcs/sources_1/bd/system/ip/system_ila_0_0/ila_v6_2/constraints/ila.xdc (Line: 73)
Related violations: <none>

XDCB-5#31 Warning
Runtime inefficient way to find pin objects  
The option '-from : [get_pins -hierarchical -filter { NAME =~  "*ila_core_inst/u_ila_cap_ctrl/u_cap_addrgen/u_cap_window_counter/u_wcnt_hcmp/allx_typeA_match_detection.ltlib_v1_0_0_allx_typeA_inst/DUT/I_WHOLE_SLICE.G_SLICE_IDX[*].U_ALL_SRL_SLICE/u_srl*/S*/CLK*"}]' of constraint 'set_false_path' uses inefficient query to find pin objects (see constraint position '109' in the Timing Constraint window in Vivado IDE). To reduce runtime, it is recommended to get the pins through the cell objects. Please refer to Using Constraints Guide (Constraints Efficiency). An example of optimal query is: get_pins -filter {REF_PIN_NAME=~yy*} -of_objects [get_cells -hierarchical xx*].
Current XDC: c:/Users/fpga/FPGA/lab2/lab2.srcs/sources_1/bd/system/ip/system_system_ila_0_1/bd_0/ip/ip_0/ila_v6_2/constraints/ila.xdc (Line: 69)
Related violations: <none>

XDCB-5#32 Warning
Runtime inefficient way to find pin objects  
The option '-from : [get_pins -hierarchical -filter { NAME =~  "*ila_core_inst/u_ila_cap_ctrl/u_cap_addrgen/u_cap_window_counter/u_wcnt_hcmp/allx_typeA_match_detection.ltlib_v1_0_0_allx_typeA_inst/DUT/I_WHOLE_SLICE.G_SLICE_IDX[*].U_ALL_SRL_SLICE/u_srl*/S*/CLK*"}]' of constraint 'set_false_path' uses inefficient query to find pin objects (see constraint position '44' in the Timing Constraint window in Vivado IDE). To reduce runtime, it is recommended to get the pins through the cell objects. Please refer to Using Constraints Guide (Constraints Efficiency). An example of optimal query is: get_pins -filter {REF_PIN_NAME=~yy*} -of_objects [get_cells -hierarchical xx*].
Current XDC: c:/Users/fpga/FPGA/lab2/lab2.srcs/sources_1/bd/system/ip/system_ila_0_0/ila_v6_2/constraints/ila.xdc (Line: 69)
Related violations: <none>

XDCB-5#33 Warning
Runtime inefficient way to find pin objects  
The option '-from : [get_pins -hierarchical -filter { NAME =~  "*ila_core_inst/u_ila_cap_ctrl/u_cap_addrgen/u_cap_window_counter/u_wcnt_hcmp/allx_typeA_match_detection.ltlib_v1_0_0_allx_typeA_inst/DUT/u_srl_drive/CLK*"}]' of constraint 'set_false_path' uses inefficient query to find pin objects (see constraint position '111' in the Timing Constraint window in Vivado IDE). To reduce runtime, it is recommended to get the pins through the cell objects. Please refer to Using Constraints Guide (Constraints Efficiency). An example of optimal query is: get_pins -filter {REF_PIN_NAME=~yy*} -of_objects [get_cells -hierarchical xx*].
Current XDC: c:/Users/fpga/FPGA/lab2/lab2.srcs/sources_1/bd/system/ip/system_system_ila_0_1/bd_0/ip/ip_0/ila_v6_2/constraints/ila.xdc (Line: 71)
Related violations: <none>

XDCB-5#34 Warning
Runtime inefficient way to find pin objects  
The option '-from : [get_pins -hierarchical -filter { NAME =~  "*ila_core_inst/u_ila_cap_ctrl/u_cap_addrgen/u_cap_window_counter/u_wcnt_hcmp/allx_typeA_match_detection.ltlib_v1_0_0_allx_typeA_inst/DUT/u_srl_drive/CLK*"}]' of constraint 'set_false_path' uses inefficient query to find pin objects (see constraint position '46' in the Timing Constraint window in Vivado IDE). To reduce runtime, it is recommended to get the pins through the cell objects. Please refer to Using Constraints Guide (Constraints Efficiency). An example of optimal query is: get_pins -filter {REF_PIN_NAME=~yy*} -of_objects [get_cells -hierarchical xx*].
Current XDC: c:/Users/fpga/FPGA/lab2/lab2.srcs/sources_1/bd/system/ip/system_ila_0_0/ila_v6_2/constraints/ila.xdc (Line: 71)
Related violations: <none>

XDCB-5#35 Warning
Runtime inefficient way to find pin objects  
The option '-from : [get_pins -hierarchical -filter { NAME =~  "*ila_core_inst/u_ila_cap_ctrl/u_cap_addrgen/u_cap_window_counter/u_wcnt_lcmp/allx_typeA_match_detection.ltlib_v1_0_0_allx_typeA_inst/DUT/I_WHOLE_SLICE.G_SLICE_IDX[*].U_ALL_SRL_SLICE/u_srl*/S*/CLK*"}]' of constraint 'set_false_path' uses inefficient query to find pin objects (see constraint position '108' in the Timing Constraint window in Vivado IDE). To reduce runtime, it is recommended to get the pins through the cell objects. Please refer to Using Constraints Guide (Constraints Efficiency). An example of optimal query is: get_pins -filter {REF_PIN_NAME=~yy*} -of_objects [get_cells -hierarchical xx*].
Current XDC: c:/Users/fpga/FPGA/lab2/lab2.srcs/sources_1/bd/system/ip/system_system_ila_0_1/bd_0/ip/ip_0/ila_v6_2/constraints/ila.xdc (Line: 68)
Related violations: <none>

XDCB-5#36 Warning
Runtime inefficient way to find pin objects  
The option '-from : [get_pins -hierarchical -filter { NAME =~  "*ila_core_inst/u_ila_cap_ctrl/u_cap_addrgen/u_cap_window_counter/u_wcnt_lcmp/allx_typeA_match_detection.ltlib_v1_0_0_allx_typeA_inst/DUT/I_WHOLE_SLICE.G_SLICE_IDX[*].U_ALL_SRL_SLICE/u_srl*/S*/CLK*"}]' of constraint 'set_false_path' uses inefficient query to find pin objects (see constraint position '43' in the Timing Constraint window in Vivado IDE). To reduce runtime, it is recommended to get the pins through the cell objects. Please refer to Using Constraints Guide (Constraints Efficiency). An example of optimal query is: get_pins -filter {REF_PIN_NAME=~yy*} -of_objects [get_cells -hierarchical xx*].
Current XDC: c:/Users/fpga/FPGA/lab2/lab2.srcs/sources_1/bd/system/ip/system_ila_0_0/ila_v6_2/constraints/ila.xdc (Line: 68)
Related violations: <none>

XDCB-5#37 Warning
Runtime inefficient way to find pin objects  
The option '-from : [get_pins -hierarchical -filter { NAME =~  "*ila_core_inst/u_ila_cap_ctrl/u_cap_addrgen/u_cap_window_counter/u_wcnt_lcmp/allx_typeA_match_detection.ltlib_v1_0_0_allx_typeA_inst/DUT/u_srl_drive/CLK*"}]' of constraint 'set_false_path' uses inefficient query to find pin objects (see constraint position '110' in the Timing Constraint window in Vivado IDE). To reduce runtime, it is recommended to get the pins through the cell objects. Please refer to Using Constraints Guide (Constraints Efficiency). An example of optimal query is: get_pins -filter {REF_PIN_NAME=~yy*} -of_objects [get_cells -hierarchical xx*].
Current XDC: c:/Users/fpga/FPGA/lab2/lab2.srcs/sources_1/bd/system/ip/system_system_ila_0_1/bd_0/ip/ip_0/ila_v6_2/constraints/ila.xdc (Line: 70)
Related violations: <none>

XDCB-5#38 Warning
Runtime inefficient way to find pin objects  
The option '-from : [get_pins -hierarchical -filter { NAME =~  "*ila_core_inst/u_ila_cap_ctrl/u_cap_addrgen/u_cap_window_counter/u_wcnt_lcmp/allx_typeA_match_detection.ltlib_v1_0_0_allx_typeA_inst/DUT/u_srl_drive/CLK*"}]' of constraint 'set_false_path' uses inefficient query to find pin objects (see constraint position '45' in the Timing Constraint window in Vivado IDE). To reduce runtime, it is recommended to get the pins through the cell objects. Please refer to Using Constraints Guide (Constraints Efficiency). An example of optimal query is: get_pins -filter {REF_PIN_NAME=~yy*} -of_objects [get_cells -hierarchical xx*].
Current XDC: c:/Users/fpga/FPGA/lab2/lab2.srcs/sources_1/bd/system/ip/system_ila_0_0/ila_v6_2/constraints/ila.xdc (Line: 70)
Related violations: <none>

XDCB-5#39 Warning
Runtime inefficient way to find pin objects  
The option '-from : [get_pins -hierarchical -filter {NAME =~ *allx_typeA_match_detection.ltlib_v1_0_0_allx_typeA_inst/DUT/I_WHOLE_SLICE.G_SLICE_IDX[*].U_ALL_SRL_SLICE/u_srl*/S*/CLK}]' of constraint 'set_false_path' uses inefficient query to find pin objects (see constraint position '33' in the Timing Constraint window in Vivado IDE). To reduce runtime, it is recommended to get the pins through the cell objects. Please refer to Using Constraints Guide (Constraints Efficiency). An example of optimal query is: get_pins -filter {REF_PIN_NAME=~yy*} -of_objects [get_cells -hierarchical xx*].
Current XDC: c:/Users/fpga/FPGA/lab2/lab2.srcs/sources_1/bd/system/ip/system_ila_0_0/ila_v6_2/constraints/ila.xdc (Line: 41)
Related violations: <none>

XDCB-5#40 Warning
Runtime inefficient way to find pin objects  
The option '-from : [get_pins -hierarchical -filter {NAME =~ *allx_typeA_match_detection.ltlib_v1_0_0_allx_typeA_inst/DUT/I_WHOLE_SLICE.G_SLICE_IDX[*].U_ALL_SRL_SLICE/u_srl*/S*/CLK}]' of constraint 'set_false_path' uses inefficient query to find pin objects (see constraint position '98' in the Timing Constraint window in Vivado IDE). To reduce runtime, it is recommended to get the pins through the cell objects. Please refer to Using Constraints Guide (Constraints Efficiency). An example of optimal query is: get_pins -filter {REF_PIN_NAME=~yy*} -of_objects [get_cells -hierarchical xx*].
Current XDC: c:/Users/fpga/FPGA/lab2/lab2.srcs/sources_1/bd/system/ip/system_system_ila_0_1/bd_0/ip/ip_0/ila_v6_2/constraints/ila.xdc (Line: 41)
Related violations: <none>

XDCB-5#41 Warning
Runtime inefficient way to find pin objects  
The option '-from : [get_pins -hierarchical -filter {NAME =~ *allx_typeA_match_detection.ltlib_v1_0_0_allx_typeA_inst/DUT/u_srl_drive/CLK}]' of constraint 'set_false_path' uses inefficient query to find pin objects (see constraint position '32' in the Timing Constraint window in Vivado IDE). To reduce runtime, it is recommended to get the pins through the cell objects. Please refer to Using Constraints Guide (Constraints Efficiency). An example of optimal query is: get_pins -filter {REF_PIN_NAME=~yy*} -of_objects [get_cells -hierarchical xx*].
Current XDC: c:/Users/fpga/FPGA/lab2/lab2.srcs/sources_1/bd/system/ip/system_ila_0_0/ila_v6_2/constraints/ila.xdc (Line: 40)
Related violations: <none>

XDCB-5#42 Warning
Runtime inefficient way to find pin objects  
The option '-from : [get_pins -hierarchical -filter {NAME =~ *allx_typeA_match_detection.ltlib_v1_0_0_allx_typeA_inst/DUT/u_srl_drive/CLK}]' of constraint 'set_false_path' uses inefficient query to find pin objects (see constraint position '97' in the Timing Constraint window in Vivado IDE). To reduce runtime, it is recommended to get the pins through the cell objects. Please refer to Using Constraints Guide (Constraints Efficiency). An example of optimal query is: get_pins -filter {REF_PIN_NAME=~yy*} -of_objects [get_cells -hierarchical xx*].
Current XDC: c:/Users/fpga/FPGA/lab2/lab2.srcs/sources_1/bd/system/ip/system_system_ila_0_1/bd_0/ip/ip_0/ila_v6_2/constraints/ila.xdc (Line: 40)
Related violations: <none>

XDCB-5#43 Warning
Runtime inefficient way to find pin objects  
The option '-to : [get_pins -hierarchical -filter {NAME =~ *allx_typeA_match_detection.ltlib_v1_0_0_allx_typeA_inst/DUT/I_WHOLE_SLICE.G_SLICE_IDX[*].U_ALL_SRL_SLICE/I_IS_TERMINATION_SLICE_W_OUTPUT_REG.DOUT_O_reg/D}]' of constraint 'set_false_path' uses inefficient query to find pin objects (see constraint position '32' in the Timing Constraint window in Vivado IDE). To reduce runtime, it is recommended to get the pins through the cell objects. Please refer to Using Constraints Guide (Constraints Efficiency). An example of optimal query is: get_pins -filter {REF_PIN_NAME=~yy*} -of_objects [get_cells -hierarchical xx*].
Current XDC: c:/Users/fpga/FPGA/lab2/lab2.srcs/sources_1/bd/system/ip/system_ila_0_0/ila_v6_2/constraints/ila.xdc (Line: 40)
Related violations: <none>

XDCB-5#44 Warning
Runtime inefficient way to find pin objects  
The option '-to : [get_pins -hierarchical -filter {NAME =~ *allx_typeA_match_detection.ltlib_v1_0_0_allx_typeA_inst/DUT/I_WHOLE_SLICE.G_SLICE_IDX[*].U_ALL_SRL_SLICE/I_IS_TERMINATION_SLICE_W_OUTPUT_REG.DOUT_O_reg/D}]' of constraint 'set_false_path' uses inefficient query to find pin objects (see constraint position '33' in the Timing Constraint window in Vivado IDE). To reduce runtime, it is recommended to get the pins through the cell objects. Please refer to Using Constraints Guide (Constraints Efficiency). An example of optimal query is: get_pins -filter {REF_PIN_NAME=~yy*} -of_objects [get_cells -hierarchical xx*].
Current XDC: c:/Users/fpga/FPGA/lab2/lab2.srcs/sources_1/bd/system/ip/system_ila_0_0/ila_v6_2/constraints/ila.xdc (Line: 41)
Related violations: <none>

XDCB-5#45 Warning
Runtime inefficient way to find pin objects  
The option '-to : [get_pins -hierarchical -filter {NAME =~ *allx_typeA_match_detection.ltlib_v1_0_0_allx_typeA_inst/DUT/I_WHOLE_SLICE.G_SLICE_IDX[*].U_ALL_SRL_SLICE/I_IS_TERMINATION_SLICE_W_OUTPUT_REG.DOUT_O_reg/D}]' of constraint 'set_false_path' uses inefficient query to find pin objects (see constraint position '97' in the Timing Constraint window in Vivado IDE). To reduce runtime, it is recommended to get the pins through the cell objects. Please refer to Using Constraints Guide (Constraints Efficiency). An example of optimal query is: get_pins -filter {REF_PIN_NAME=~yy*} -of_objects [get_cells -hierarchical xx*].
Current XDC: c:/Users/fpga/FPGA/lab2/lab2.srcs/sources_1/bd/system/ip/system_system_ila_0_1/bd_0/ip/ip_0/ila_v6_2/constraints/ila.xdc (Line: 40)
Related violations: <none>

XDCB-5#46 Warning
Runtime inefficient way to find pin objects  
The option '-to : [get_pins -hierarchical -filter {NAME =~ *allx_typeA_match_detection.ltlib_v1_0_0_allx_typeA_inst/DUT/I_WHOLE_SLICE.G_SLICE_IDX[*].U_ALL_SRL_SLICE/I_IS_TERMINATION_SLICE_W_OUTPUT_REG.DOUT_O_reg/D}]' of constraint 'set_false_path' uses inefficient query to find pin objects (see constraint position '98' in the Timing Constraint window in Vivado IDE). To reduce runtime, it is recommended to get the pins through the cell objects. Please refer to Using Constraints Guide (Constraints Efficiency). An example of optimal query is: get_pins -filter {REF_PIN_NAME=~yy*} -of_objects [get_cells -hierarchical xx*].
Current XDC: c:/Users/fpga/FPGA/lab2/lab2.srcs/sources_1/bd/system/ip/system_system_ila_0_1/bd_0/ip/ip_0/ila_v6_2/constraints/ila.xdc (Line: 41)
Related violations: <none>


